train example: 1200 / 2000
valid example: 800 / 2000
Number of batches:		
	train = 60		
	validation = 40
Training model 2
1/200, train = 0.227379, valid = 0.146499, lr=1.000e-04
2/200, train = 0.125313, valid = 0.109344, lr=1.000e-04
3/200, train = 0.099119, valid = 0.091376, lr=1.000e-04
4/200, train = 0.087676, valid = 0.089603, lr=1.000e-04
5/200, train = 0.084118, valid = 0.090060, lr=1.000e-04
6/200, train = 0.078888, valid = 0.081338, lr=1.000e-04
7/200, train = 0.075969, valid = 0.067592, lr=1.000e-04
8/200, train = 0.076396, valid = 0.072275, lr=1.000e-04
9/200, train = 0.074007, valid = 0.070627, lr=1.000e-04
10/200, train = 0.065130, valid = 0.073031, lr=1.000e-04
11/200, train = 0.067031, valid = 0.063520, lr=1.000e-04
12/200, train = 0.062663, valid = 0.060307, lr=1.000e-04
13/200, train = 0.058777, valid = 0.068916, lr=1.000e-04
14/200, train = 0.058630, valid = 0.070249, lr=1.000e-04
15/200, train = 0.058575, valid = 0.055415, lr=1.000e-04
16/200, train = 0.060637, valid = 0.062826, lr=1.000e-04
17/200, train = 0.060677, valid = 0.060387, lr=1.000e-04
18/200, train = 0.059316, valid = 0.053853, lr=1.000e-04
19/200, train = 0.055022, valid = 0.051728, lr=1.000e-04
20/200, train = 0.054418, valid = 0.055196, lr=1.000e-04
21/200, train = 0.054083, valid = 0.055375, lr=1.000e-04
22/200, train = 0.050429, valid = 0.051809, lr=1.000e-04
23/200, train = 0.055397, valid = 0.054880, lr=1.000e-04
24/200, train = 0.052059, valid = 0.052890, lr=1.000e-04
25/200, train = 0.051611, valid = 0.059212, lr=5.000e-05
26/200, train = 0.048390, valid = 0.045957, lr=5.000e-05
27/200, train = 0.046035, valid = 0.050666, lr=5.000e-05
28/200, train = 0.043404, valid = 0.049164, lr=5.000e-05
29/200, train = 0.043614, valid = 0.047548, lr=5.000e-05
30/200, train = 0.045846, valid = 0.043948, lr=5.000e-05
31/200, train = 0.044485, valid = 0.043818, lr=5.000e-05
32/200, train = 0.042025, valid = 0.041290, lr=5.000e-05
33/200, train = 0.042387, valid = 0.047720, lr=5.000e-05
34/200, train = 0.042221, valid = 0.044098, lr=5.000e-05
35/200, train = 0.043201, valid = 0.048679, lr=5.000e-05
36/200, train = 0.044107, valid = 0.043872, lr=5.000e-05
37/200, train = 0.040854, valid = 0.041209, lr=5.000e-05
38/200, train = 0.039917, valid = 0.040347, lr=5.000e-05
39/200, train = 0.039797, valid = 0.041866, lr=5.000e-05
40/200, train = 0.040551, valid = 0.043147, lr=5.000e-05
41/200, train = 0.040422, valid = 0.041491, lr=5.000e-05
42/200, train = 0.040157, valid = 0.043062, lr=5.000e-05
43/200, train = 0.042293, valid = 0.046114, lr=5.000e-05
44/200, train = 0.040430, valid = 0.042652, lr=2.500e-05
45/200, train = 0.036451, valid = 0.039181, lr=2.500e-05
46/200, train = 0.037843, valid = 0.038163, lr=2.500e-05
47/200, train = 0.035893, valid = 0.038010, lr=2.500e-05
48/200, train = 0.037235, valid = 0.037722, lr=2.500e-05
49/200, train = 0.036423, valid = 0.034787, lr=2.500e-05
50/200, train = 0.036279, valid = 0.036963, lr=2.500e-05
51/200, train = 0.036668, valid = 0.036401, lr=2.500e-05
52/200, train = 0.034385, valid = 0.035610, lr=2.500e-05
53/200, train = 0.034941, valid = 0.037395, lr=2.500e-05
54/200, train = 0.035684, valid = 0.035474, lr=2.500e-05
55/200, train = 0.035348, valid = 0.037540, lr=1.250e-05
56/200, train = 0.032449, valid = 0.033347, lr=1.250e-05
57/200, train = 0.034144, valid = 0.035010, lr=1.250e-05
58/200, train = 0.033131, valid = 0.034586, lr=1.250e-05
59/200, train = 0.033125, valid = 0.034785, lr=1.250e-05
60/200, train = 0.033606, valid = 0.035033, lr=1.250e-05
61/200, train = 0.032590, valid = 0.034035, lr=1.250e-05
62/200, train = 0.032778, valid = 0.035261, lr=6.250e-06
63/200, train = 0.032555, valid = 0.034454, lr=6.250e-06
64/200, train = 0.032053, valid = 0.034225, lr=6.250e-06
65/200, train = 0.032135, valid = 0.033945, lr=6.250e-06
66/200, train = 0.032059, valid = 0.033789, lr=6.250e-06
67/200, train = 0.032400, valid = 0.032434, lr=6.250e-06
68/200, train = 0.031787, valid = 0.032845, lr=6.250e-06
69/200, train = 0.031765, valid = 0.033992, lr=6.250e-06
70/200, train = 0.032754, valid = 0.033069, lr=6.250e-06
71/200, train = 0.031495, valid = 0.033589, lr=6.250e-06
72/200, train = 0.031583, valid = 0.034617, lr=6.250e-06
73/200, train = 0.031228, valid = 0.032283, lr=6.250e-06
74/200, train = 0.030716, valid = 0.033676, lr=6.250e-06
75/200, train = 0.031716, valid = 0.035204, lr=6.250e-06
76/200, train = 0.030771, valid = 0.034308, lr=6.250e-06
77/200, train = 0.031725, valid = 0.032627, lr=6.250e-06
78/200, train = 0.030942, valid = 0.032586, lr=6.250e-06
79/200, train = 0.031255, valid = 0.032662, lr=3.125e-06
80/200, train = 0.031203, valid = 0.032946, lr=3.125e-06
81/200, train = 0.031747, valid = 0.031868, lr=3.125e-06
82/200, train = 0.031470, valid = 0.032076, lr=3.125e-06
83/200, train = 0.030142, valid = 0.032226, lr=3.125e-06
84/200, train = 0.030159, valid = 0.033243, lr=3.125e-06
85/200, train = 0.030443, valid = 0.033508, lr=3.125e-06
86/200, train = 0.031007, valid = 0.031760, lr=3.125e-06
87/200, train = 0.030709, valid = 0.031904, lr=3.125e-06
88/200, train = 0.031545, valid = 0.033044, lr=3.125e-06
89/200, train = 0.031285, valid = 0.032601, lr=3.125e-06
90/200, train = 0.031601, valid = 0.033043, lr=3.125e-06
91/200, train = 0.030349, valid = 0.031425, lr=3.125e-06
92/200, train = 0.031042, valid = 0.032663, lr=3.125e-06
93/200, train = 0.030912, valid = 0.032381, lr=3.125e-06
94/200, train = 0.030257, valid = 0.032039, lr=3.125e-06
95/200, train = 0.031026, valid = 0.033140, lr=3.125e-06
96/200, train = 0.030873, valid = 0.031540, lr=3.125e-06
97/200, train = 0.030757, valid = 0.031868, lr=1.563e-06
98/200, train = 0.030822, valid = 0.031707, lr=1.563e-06
99/200, train = 0.030526, valid = 0.031388, lr=1.563e-06
100/200, train = 0.030461, valid = 0.031418, lr=1.563e-06
101/200, train = 0.030429, valid = 0.031442, lr=1.563e-06
102/200, train = 0.029948, valid = 0.032912, lr=1.563e-06
103/200, train = 0.031000, valid = 0.030997, lr=1.563e-06
104/200, train = 0.030671, valid = 0.031670, lr=1.563e-06
105/200, train = 0.030561, valid = 0.032375, lr=1.563e-06
106/200, train = 0.030362, valid = 0.031785, lr=1.563e-06
107/200, train = 0.031209, valid = 0.031813, lr=1.563e-06
108/200, train = 0.030595, valid = 0.031654, lr=1.563e-06
109/200, train = 0.029687, valid = 0.032722, lr=7.813e-07
110/200, train = 0.029913, valid = 0.031249, lr=7.813e-07
111/200, train = 0.030164, valid = 0.032102, lr=7.813e-07
112/200, train = 0.030183, valid = 0.031767, lr=7.813e-07
113/200, train = 0.030448, valid = 0.031178, lr=7.813e-07
114/200, train = 0.029964, valid = 0.032147, lr=7.813e-07
115/200, train = 0.030595, valid = 0.031111, lr=3.906e-07
116/200, train = 0.030164, valid = 0.032042, lr=3.906e-07
117/200, train = 0.030346, valid = 0.032394, lr=3.906e-07
118/200, train = 0.030364, valid = 0.032071, lr=3.906e-07
119/200, train = 0.030330, valid = 0.031249, lr=3.906e-07
120/200, train = 0.030285, valid = 0.030791, lr=3.906e-07
121/200, train = 0.030425, valid = 0.031459, lr=3.906e-07
122/200, train = 0.029535, valid = 0.031665, lr=3.906e-07
123/200, train = 0.029869, valid = 0.031452, lr=3.906e-07
124/200, train = 0.029522, valid = 0.031665, lr=3.906e-07
125/200, train = 0.030102, valid = 0.032256, lr=3.906e-07
126/200, train = 0.030793, valid = 0.032001, lr=1.953e-07
127/200, train = 0.029524, valid = 0.031606, lr=1.953e-07
128/200, train = 0.030864, valid = 0.031076, lr=1.953e-07
129/200, train = 0.029950, valid = 0.031369, lr=1.953e-07
130/200, train = 0.030817, valid = 0.031818, lr=1.953e-07
131/200, train = 0.029840, valid = 0.030726, lr=1.953e-07
132/200, train = 0.030376, valid = 0.032139, lr=1.953e-07
133/200, train = 0.029507, valid = 0.032454, lr=1.953e-07
134/200, train = 0.029883, valid = 0.032602, lr=1.953e-07
135/200, train = 0.029931, valid = 0.031616, lr=1.953e-07
136/200, train = 0.030584, valid = 0.033126, lr=1.953e-07
137/200, train = 0.030844, valid = 0.031785, lr=9.766e-08
138/200, train = 0.029819, valid = 0.031234, lr=9.766e-08
139/200, train = 0.031002, valid = 0.031342, lr=9.766e-08
140/200, train = 0.029549, valid = 0.031345, lr=9.766e-08
141/200, train = 0.029637, valid = 0.032519, lr=9.766e-08
142/200, train = 0.030000, valid = 0.030850, lr=9.766e-08
143/200, train = 0.031042, valid = 0.032124, lr=4.883e-08
144/200, train = 0.030217, valid = 0.031179, lr=4.883e-08
145/200, train = 0.029539, valid = 0.030937, lr=4.883e-08
146/200, train = 0.029777, valid = 0.030934, lr=4.883e-08
147/200, train = 0.030385, valid = 0.030982, lr=4.883e-08
148/200, train = 0.029446, valid = 0.033005, lr=4.883e-08
149/200, train = 0.029864, valid = 0.030792, lr=2.441e-08
150/200, train = 0.030121, valid = 0.031181, lr=2.441e-08
151/200, train = 0.030008, valid = 0.033273, lr=2.441e-08
152/200, train = 0.030303, valid = 0.032828, lr=2.441e-08
153/200, train = 0.029535, valid = 0.031641, lr=2.441e-08
154/200, train = 0.029934, valid = 0.031875, lr=2.441e-08
155/200, train = 0.030096, valid = 0.033098, lr=1.221e-08
156/200, train = 0.029667, valid = 0.031228, lr=1.221e-08
157/200, train = 0.029992, valid = 0.032267, lr=1.221e-08
158/200, train = 0.029938, valid = 0.031609, lr=1.221e-08
159/200, train = 0.029741, valid = 0.031618, lr=1.221e-08
160/200, train = 0.029766, valid = 0.031871, lr=1.221e-08
161/200, train = 0.029992, valid = 0.032523, lr=1.221e-08
162/200, train = 0.030050, valid = 0.032621, lr=1.221e-08
163/200, train = 0.030797, valid = 0.031516, lr=1.221e-08
164/200, train = 0.029656, valid = 0.032346, lr=1.221e-08
165/200, train = 0.030297, valid = 0.031573, lr=1.221e-08
166/200, train = 0.029900, valid = 0.031612, lr=1.221e-08
167/200, train = 0.030063, valid = 0.031587, lr=1.221e-08
168/200, train = 0.029680, valid = 0.031059, lr=1.221e-08
169/200, train = 0.029615, valid = 0.031470, lr=1.221e-08
170/200, train = 0.030080, valid = 0.031542, lr=1.221e-08
171/200, train = 0.029553, valid = 0.031787, lr=1.221e-08
172/200, train = 0.029789, valid = 0.031355, lr=1.221e-08
173/200, train = 0.030018, valid = 0.030955, lr=1.221e-08
174/200, train = 0.030189, valid = 0.031166, lr=1.221e-08
175/200, train = 0.029601, valid = 0.031227, lr=1.221e-08
176/200, train = 0.030100, valid = 0.031766, lr=1.221e-08
177/200, train = 0.029632, valid = 0.032033, lr=1.221e-08
178/200, train = 0.029347, valid = 0.032864, lr=1.221e-08
179/200, train = 0.029733, valid = 0.031203, lr=1.221e-08
180/200, train = 0.030084, valid = 0.032126, lr=1.221e-08
181/200, train = 0.030040, valid = 0.032281, lr=1.221e-08
182/200, train = 0.030758, valid = 0.031889, lr=1.221e-08
183/200, train = 0.029722, valid = 0.030539, lr=1.221e-08
184/200, train = 0.030167, valid = 0.031576, lr=1.221e-08
185/200, train = 0.029892, valid = 0.032492, lr=1.221e-08
186/200, train = 0.029681, valid = 0.031066, lr=1.221e-08
187/200, train = 0.029823, valid = 0.030516, lr=1.221e-08
188/200, train = 0.029719, valid = 0.032522, lr=1.221e-08
189/200, train = 0.030484, valid = 0.031653, lr=1.221e-08
190/200, train = 0.029848, valid = 0.031719, lr=1.221e-08
191/200, train = 0.029362, valid = 0.032715, lr=1.221e-08
192/200, train = 0.030445, valid = 0.031447, lr=1.221e-08
193/200, train = 0.030136, valid = 0.031418, lr=1.221e-08
194/200, train = 0.030221, valid = 0.032071, lr=1.221e-08
195/200, train = 0.029788, valid = 0.031470, lr=1.221e-08
196/200, train = 0.030044, valid = 0.031261, lr=1.221e-08
197/200, train = 0.030122, valid = 0.031666, lr=1.221e-08
198/200, train = 0.029672, valid = 0.032499, lr=1.221e-08
199/200, train = 0.029920, valid = 0.031101, lr=1.221e-08
200/200, train = 0.030388, valid = 0.031394, lr=1.221e-08

Pretrain training model 3, newly added blocks
1/50, train = 0.292583, valid = 0.178083, lr=1.000e-04
2/50, train = 0.140534, valid = 0.113560, lr=1.000e-04
3/50, train = 0.101485, valid = 0.095387, lr=1.000e-04
4/50, train = 0.083557, valid = 0.078652, lr=1.000e-04
5/50, train = 0.073917, valid = 0.073567, lr=1.000e-04
6/50, train = 0.068739, valid = 0.069845, lr=1.000e-04
7/50, train = 0.065442, valid = 0.068866, lr=1.000e-04
8/50, train = 0.062312, valid = 0.065389, lr=1.000e-04
9/50, train = 0.061810, valid = 0.061722, lr=1.000e-04
10/50, train = 0.056983, valid = 0.060556, lr=1.000e-04
11/50, train = 0.056114, valid = 0.056530, lr=1.000e-04
12/50, train = 0.054688, valid = 0.056377, lr=1.000e-04
13/50, train = 0.051522, valid = 0.054956, lr=1.000e-04
14/50, train = 0.050175, valid = 0.054079, lr=1.000e-04
15/50, train = 0.050424, valid = 0.052733, lr=1.000e-04
16/50, train = 0.049496, valid = 0.052732, lr=1.000e-04
17/50, train = 0.048192, valid = 0.049723, lr=1.000e-04
18/50, train = 0.047909, valid = 0.051525, lr=1.000e-04
19/50, train = 0.048754, valid = 0.049586, lr=1.000e-04
20/50, train = 0.047711, valid = 0.054764, lr=1.000e-04
21/50, train = 0.050797, valid = 0.048446, lr=1.000e-04
22/50, train = 0.046343, valid = 0.046246, lr=1.000e-04
23/50, train = 0.045942, valid = 0.047930, lr=1.000e-04
24/50, train = 0.044843, valid = 0.047452, lr=1.000e-04
25/50, train = 0.043863, valid = 0.045364, lr=1.000e-04
26/50, train = 0.045474, valid = 0.046567, lr=1.000e-04
27/50, train = 0.043938, valid = 0.046913, lr=1.000e-04
28/50, train = 0.044893, valid = 0.045644, lr=1.000e-04
29/50, train = 0.043672, valid = 0.047619, lr=1.000e-04
30/50, train = 0.042767, valid = 0.043206, lr=1.000e-04
31/50, train = 0.040608, valid = 0.043901, lr=1.000e-04
32/50, train = 0.041829, valid = 0.044712, lr=1.000e-04
33/50, train = 0.041488, valid = 0.043858, lr=1.000e-04
34/50, train = 0.042869, valid = 0.047194, lr=1.000e-04
35/50, train = 0.041870, valid = 0.045317, lr=1.000e-04
36/50, train = 0.042375, valid = 0.047917, lr=5.000e-05
37/50, train = 0.038982, valid = 0.040761, lr=5.000e-05
38/50, train = 0.037895, valid = 0.040178, lr=5.000e-05
39/50, train = 0.037455, valid = 0.041452, lr=5.000e-05
40/50, train = 0.036644, valid = 0.040355, lr=5.000e-05
41/50, train = 0.037126, valid = 0.040488, lr=5.000e-05
42/50, train = 0.036089, valid = 0.040921, lr=5.000e-05
43/50, train = 0.035750, valid = 0.040980, lr=5.000e-05
44/50, train = 0.036338, valid = 0.041464, lr=2.500e-05
45/50, train = 0.036641, valid = 0.039474, lr=2.500e-05
46/50, train = 0.034988, valid = 0.039231, lr=2.500e-05
47/50, train = 0.036271, valid = 0.039358, lr=2.500e-05
48/50, train = 0.035588, valid = 0.039617, lr=2.500e-05
49/50, train = 0.035434, valid = 0.039106, lr=2.500e-05
50/50, train = 0.035193, valid = 0.040190, lr=2.500e-05

Training full model 3
1/200, train = 0.066405, valid = 0.053621, lr=1.000e-04
2/200, train = 0.058854, valid = 0.050484, lr=1.000e-04
3/200, train = 0.052946, valid = 0.053225, lr=1.000e-04
4/200, train = 0.049886, valid = 0.053638, lr=1.000e-04
5/200, train = 0.049005, valid = 0.048260, lr=1.000e-04
6/200, train = 0.047110, valid = 0.049362, lr=1.000e-04
7/200, train = 0.049394, valid = 0.049346, lr=1.000e-04
8/200, train = 0.051204, valid = 0.052471, lr=1.000e-04
9/200, train = 0.048722, valid = 0.049232, lr=1.000e-04
10/200, train = 0.050554, valid = 0.065985, lr=1.000e-04
11/200, train = 0.053677, valid = 0.056626, lr=5.000e-05
12/200, train = 0.044108, valid = 0.045262, lr=5.000e-05
13/200, train = 0.040245, valid = 0.044175, lr=5.000e-05
14/200, train = 0.037370, valid = 0.043131, lr=5.000e-05
15/200, train = 0.039145, valid = 0.039129, lr=5.000e-05
16/200, train = 0.037796, valid = 0.044179, lr=5.000e-05
17/200, train = 0.038132, valid = 0.041134, lr=5.000e-05
18/200, train = 0.037921, valid = 0.045251, lr=5.000e-05
19/200, train = 0.037927, valid = 0.043943, lr=5.000e-05
20/200, train = 0.039945, valid = 0.039504, lr=5.000e-05
21/200, train = 0.039146, valid = 0.039379, lr=2.500e-05
22/200, train = 0.034207, valid = 0.036829, lr=2.500e-05
23/200, train = 0.033544, valid = 0.036735, lr=2.500e-05
24/200, train = 0.033429, valid = 0.035546, lr=2.500e-05
25/200, train = 0.033141, valid = 0.035748, lr=2.500e-05
26/200, train = 0.032740, valid = 0.035176, lr=2.500e-05
27/200, train = 0.032232, valid = 0.037050, lr=2.500e-05
28/200, train = 0.032867, valid = 0.035662, lr=2.500e-05
29/200, train = 0.032452, valid = 0.034617, lr=2.500e-05
30/200, train = 0.032315, valid = 0.035942, lr=2.500e-05
31/200, train = 0.032464, valid = 0.035368, lr=2.500e-05
32/200, train = 0.032697, valid = 0.036671, lr=2.500e-05
33/200, train = 0.032143, valid = 0.037018, lr=2.500e-05
34/200, train = 0.032242, valid = 0.036334, lr=2.500e-05
35/200, train = 0.031575, valid = 0.037881, lr=1.250e-05
36/200, train = 0.031183, valid = 0.034497, lr=1.250e-05
37/200, train = 0.031754, valid = 0.036494, lr=1.250e-05
38/200, train = 0.031281, valid = 0.033850, lr=1.250e-05
39/200, train = 0.030852, valid = 0.034860, lr=1.250e-05
40/200, train = 0.031277, valid = 0.034367, lr=1.250e-05
41/200, train = 0.031019, valid = 0.034901, lr=1.250e-05
42/200, train = 0.030703, valid = 0.035354, lr=1.250e-05
43/200, train = 0.031044, valid = 0.034693, lr=1.250e-05
44/200, train = 0.030418, valid = 0.034485, lr=6.250e-06
45/200, train = 0.029756, valid = 0.033620, lr=6.250e-06
46/200, train = 0.029792, valid = 0.033174, lr=6.250e-06
47/200, train = 0.029746, valid = 0.033567, lr=6.250e-06
48/200, train = 0.029069, valid = 0.033655, lr=6.250e-06
49/200, train = 0.029685, valid = 0.034009, lr=6.250e-06
50/200, train = 0.029518, valid = 0.033689, lr=6.250e-06
51/200, train = 0.029522, valid = 0.033572, lr=6.250e-06
52/200, train = 0.029082, valid = 0.034494, lr=3.125e-06
53/200, train = 0.029095, valid = 0.033531, lr=3.125e-06
54/200, train = 0.029174, valid = 0.032445, lr=3.125e-06
55/200, train = 0.029319, valid = 0.033079, lr=3.125e-06
56/200, train = 0.029246, valid = 0.032773, lr=3.125e-06
57/200, train = 0.029380, valid = 0.032409, lr=3.125e-06
58/200, train = 0.029093, valid = 0.032836, lr=3.125e-06
59/200, train = 0.028972, valid = 0.033006, lr=3.125e-06
60/200, train = 0.028905, valid = 0.033287, lr=3.125e-06
61/200, train = 0.028864, valid = 0.032929, lr=3.125e-06
62/200, train = 0.029407, valid = 0.032965, lr=3.125e-06
63/200, train = 0.029234, valid = 0.032335, lr=3.125e-06
64/200, train = 0.029020, valid = 0.031996, lr=3.125e-06
65/200, train = 0.029007, valid = 0.035139, lr=3.125e-06
66/200, train = 0.028825, valid = 0.032639, lr=3.125e-06
67/200, train = 0.029113, valid = 0.033085, lr=3.125e-06
68/200, train = 0.029273, valid = 0.033283, lr=3.125e-06
69/200, train = 0.029464, valid = 0.032705, lr=3.125e-06
70/200, train = 0.028869, valid = 0.032291, lr=1.563e-06
71/200, train = 0.028406, valid = 0.032631, lr=1.563e-06
72/200, train = 0.028741, valid = 0.032913, lr=1.563e-06
73/200, train = 0.029405, valid = 0.034063, lr=1.563e-06
74/200, train = 0.028355, valid = 0.032545, lr=1.563e-06
75/200, train = 0.029805, valid = 0.033139, lr=1.563e-06
76/200, train = 0.028554, valid = 0.032855, lr=7.813e-07
77/200, train = 0.028097, valid = 0.033168, lr=7.813e-07
78/200, train = 0.029181, valid = 0.034384, lr=7.813e-07
79/200, train = 0.028641, valid = 0.032129, lr=7.813e-07
80/200, train = 0.028617, valid = 0.033274, lr=7.813e-07
81/200, train = 0.029152, valid = 0.032352, lr=7.813e-07
82/200, train = 0.028714, valid = 0.032595, lr=3.906e-07
83/200, train = 0.028530, valid = 0.033129, lr=3.906e-07
84/200, train = 0.028328, valid = 0.032360, lr=3.906e-07
85/200, train = 0.028615, valid = 0.032637, lr=3.906e-07
86/200, train = 0.029266, valid = 0.032533, lr=3.906e-07
87/200, train = 0.028465, valid = 0.033666, lr=3.906e-07
88/200, train = 0.028458, valid = 0.032068, lr=1.953e-07
89/200, train = 0.028471, valid = 0.032175, lr=1.953e-07
90/200, train = 0.028317, valid = 0.032002, lr=1.953e-07
91/200, train = 0.029236, valid = 0.032714, lr=1.953e-07
92/200, train = 0.028556, valid = 0.032755, lr=1.953e-07
93/200, train = 0.028336, valid = 0.033158, lr=1.953e-07
94/200, train = 0.028400, valid = 0.033092, lr=9.766e-08
95/200, train = 0.028228, valid = 0.032389, lr=9.766e-08
96/200, train = 0.028780, valid = 0.032323, lr=9.766e-08
97/200, train = 0.028664, valid = 0.032181, lr=9.766e-08
98/200, train = 0.028309, valid = 0.032091, lr=9.766e-08
99/200, train = 0.028818, valid = 0.032000, lr=9.766e-08
100/200, train = 0.028671, valid = 0.032522, lr=4.883e-08
101/200, train = 0.028247, valid = 0.033317, lr=4.883e-08
102/200, train = 0.028701, valid = 0.032623, lr=4.883e-08
103/200, train = 0.028801, valid = 0.031980, lr=4.883e-08
104/200, train = 0.028555, valid = 0.034125, lr=4.883e-08
105/200, train = 0.028563, valid = 0.032237, lr=4.883e-08
106/200, train = 0.028449, valid = 0.032378, lr=4.883e-08
107/200, train = 0.028577, valid = 0.032332, lr=4.883e-08
108/200, train = 0.028581, valid = 0.032414, lr=4.883e-08
109/200, train = 0.028622, valid = 0.032370, lr=2.441e-08
110/200, train = 0.028379, valid = 0.032493, lr=2.441e-08
111/200, train = 0.028658, valid = 0.032940, lr=2.441e-08
112/200, train = 0.028542, valid = 0.032469, lr=2.441e-08
113/200, train = 0.028441, valid = 0.032212, lr=2.441e-08
114/200, train = 0.028059, valid = 0.033203, lr=2.441e-08
115/200, train = 0.028505, valid = 0.032244, lr=1.221e-08
116/200, train = 0.028772, valid = 0.032344, lr=1.221e-08
117/200, train = 0.029165, valid = 0.032387, lr=1.221e-08
118/200, train = 0.028444, valid = 0.032357, lr=1.221e-08
119/200, train = 0.028185, valid = 0.033017, lr=1.221e-08
120/200, train = 0.028563, valid = 0.032245, lr=1.221e-08
121/200, train = 0.029260, valid = 0.032812, lr=1.221e-08
122/200, train = 0.028777, valid = 0.032209, lr=1.221e-08
123/200, train = 0.028056, valid = 0.032392, lr=1.221e-08
124/200, train = 0.028681, valid = 0.032556, lr=1.221e-08
125/200, train = 0.028152, valid = 0.032228, lr=1.221e-08
126/200, train = 0.028469, valid = 0.033725, lr=1.221e-08
127/200, train = 0.028387, valid = 0.032075, lr=1.221e-08
128/200, train = 0.028327, valid = 0.032703, lr=1.221e-08
129/200, train = 0.028938, valid = 0.031975, lr=1.221e-08
130/200, train = 0.028663, valid = 0.032613, lr=1.221e-08
131/200, train = 0.028491, valid = 0.032763, lr=1.221e-08
132/200, train = 0.028413, valid = 0.032986, lr=1.221e-08
133/200, train = 0.028658, valid = 0.032582, lr=1.221e-08
134/200, train = 0.028299, valid = 0.032825, lr=1.221e-08
135/200, train = 0.028201, valid = 0.032355, lr=1.221e-08
136/200, train = 0.028668, valid = 0.032072, lr=1.221e-08
137/200, train = 0.028312, valid = 0.032475, lr=1.221e-08
138/200, train = 0.028923, valid = 0.032462, lr=1.221e-08
139/200, train = 0.028711, valid = 0.032720, lr=1.221e-08
140/200, train = 0.029206, valid = 0.032532, lr=1.221e-08
141/200, train = 0.028510, valid = 0.031974, lr=1.221e-08
142/200, train = 0.028530, valid = 0.032703, lr=1.221e-08
143/200, train = 0.028347, valid = 0.033014, lr=1.221e-08
144/200, train = 0.028088, valid = 0.032415, lr=1.221e-08
145/200, train = 0.028608, valid = 0.032025, lr=1.221e-08
146/200, train = 0.028237, valid = 0.032630, lr=1.221e-08
147/200, train = 0.028227, valid = 0.032417, lr=1.221e-08
148/200, train = 0.028263, valid = 0.032173, lr=1.221e-08
149/200, train = 0.028535, valid = 0.032362, lr=1.221e-08
150/200, train = 0.028551, valid = 0.032609, lr=1.221e-08
151/200, train = 0.028640, valid = 0.032077, lr=1.221e-08
152/200, train = 0.028501, valid = 0.032099, lr=1.221e-08
153/200, train = 0.028439, valid = 0.032619, lr=1.221e-08
154/200, train = 0.028309, valid = 0.033259, lr=1.221e-08
155/200, train = 0.028484, valid = 0.032770, lr=1.221e-08
156/200, train = 0.028348, valid = 0.032814, lr=1.221e-08
157/200, train = 0.028059, valid = 0.032407, lr=1.221e-08
158/200, train = 0.028337, valid = 0.032446, lr=1.221e-08
159/200, train = 0.028421, valid = 0.032605, lr=1.221e-08
160/200, train = 0.028454, valid = 0.032352, lr=1.221e-08
161/200, train = 0.028270, valid = 0.032476, lr=1.221e-08
162/200, train = 0.028260, valid = 0.034130, lr=1.221e-08
163/200, train = 0.028175, valid = 0.032536, lr=1.221e-08
164/200, train = 0.028178, valid = 0.031814, lr=1.221e-08
165/200, train = 0.028035, valid = 0.032593, lr=1.221e-08
166/200, train = 0.029101, valid = 0.032203, lr=1.221e-08
167/200, train = 0.028743, valid = 0.033465, lr=1.221e-08
168/200, train = 0.028326, valid = 0.032804, lr=1.221e-08
169/200, train = 0.028711, valid = 0.032444, lr=1.221e-08
170/200, train = 0.028406, valid = 0.031837, lr=1.221e-08
171/200, train = 0.028775, valid = 0.031725, lr=1.221e-08
172/200, train = 0.028303, valid = 0.032807, lr=1.221e-08
173/200, train = 0.028419, valid = 0.032322, lr=1.221e-08
174/200, train = 0.028298, valid = 0.032901, lr=1.221e-08
175/200, train = 0.028598, valid = 0.032078, lr=1.221e-08
176/200, train = 0.029407, valid = 0.032346, lr=1.221e-08
177/200, train = 0.028562, valid = 0.032046, lr=1.221e-08
178/200, train = 0.028355, valid = 0.033855, lr=1.221e-08
179/200, train = 0.028735, valid = 0.032563, lr=1.221e-08
180/200, train = 0.029383, valid = 0.033053, lr=1.221e-08
181/200, train = 0.028660, valid = 0.032715, lr=1.221e-08
182/200, train = 0.028411, valid = 0.032847, lr=1.221e-08
183/200, train = 0.028346, valid = 0.032275, lr=1.221e-08
184/200, train = 0.028285, valid = 0.033021, lr=1.221e-08
185/200, train = 0.028378, valid = 0.032955, lr=1.221e-08
186/200, train = 0.029187, valid = 0.032005, lr=1.221e-08
187/200, train = 0.028602, valid = 0.032825, lr=1.221e-08
188/200, train = 0.028304, valid = 0.032293, lr=1.221e-08
189/200, train = 0.028553, valid = 0.032540, lr=1.221e-08
190/200, train = 0.028857, valid = 0.032725, lr=1.221e-08
191/200, train = 0.028210, valid = 0.032485, lr=1.221e-08
192/200, train = 0.028702, valid = 0.032014, lr=1.221e-08
193/200, train = 0.027933, valid = 0.033079, lr=1.221e-08
194/200, train = 0.028524, valid = 0.031906, lr=1.221e-08
195/200, train = 0.028576, valid = 0.031896, lr=1.221e-08
196/200, train = 0.028359, valid = 0.032209, lr=1.221e-08
197/200, train = 0.028372, valid = 0.032409, lr=1.221e-08
198/200, train = 0.028308, valid = 0.032734, lr=1.221e-08
199/200, train = 0.028181, valid = 0.032217, lr=1.221e-08
200/200, train = 0.028423, valid = 0.032882, lr=1.221e-08

Pretrain training model 4, newly added blocks
1/50, train = 0.395875, valid = 0.309329, lr=1.000e-04
2/50, train = 0.291514, valid = 0.262690, lr=1.000e-04
3/50, train = 0.233771, valid = 0.210720, lr=1.000e-04
4/50, train = 0.186466, valid = 0.172443, lr=1.000e-04
5/50, train = 0.156387, valid = 0.149900, lr=1.000e-04
6/50, train = 0.135867, valid = 0.135694, lr=1.000e-04
7/50, train = 0.123248, valid = 0.118896, lr=1.000e-04
8/50, train = 0.111156, valid = 0.118290, lr=1.000e-04
9/50, train = 0.106484, valid = 0.110192, lr=1.000e-04
10/50, train = 0.096631, valid = 0.106815, lr=1.000e-04
11/50, train = 0.092082, valid = 0.096916, lr=1.000e-04
12/50, train = 0.084780, valid = 0.094105, lr=1.000e-04
13/50, train = 0.081195, valid = 0.092702, lr=1.000e-04
14/50, train = 0.078505, valid = 0.087073, lr=1.000e-04
15/50, train = 0.077876, valid = 0.089249, lr=1.000e-04
16/50, train = 0.079152, valid = 0.088063, lr=1.000e-04
17/50, train = 0.077081, valid = 0.084141, lr=1.000e-04
18/50, train = 0.073297, valid = 0.086592, lr=1.000e-04
19/50, train = 0.075376, valid = 0.086798, lr=1.000e-04
20/50, train = 0.072192, valid = 0.080749, lr=1.000e-04
21/50, train = 0.069178, valid = 0.080281, lr=1.000e-04
22/50, train = 0.068357, valid = 0.077125, lr=1.000e-04
23/50, train = 0.065203, valid = 0.077756, lr=1.000e-04
24/50, train = 0.063041, valid = 0.074665, lr=1.000e-04
25/50, train = 0.062074, valid = 0.073437, lr=1.000e-04
26/50, train = 0.062973, valid = 0.073978, lr=1.000e-04
27/50, train = 0.061678, valid = 0.075735, lr=1.000e-04
28/50, train = 0.061537, valid = 0.071954, lr=1.000e-04
29/50, train = 0.059690, valid = 0.071484, lr=1.000e-04
30/50, train = 0.060330, valid = 0.070418, lr=1.000e-04
31/50, train = 0.058229, valid = 0.067828, lr=1.000e-04
32/50, train = 0.055807, valid = 0.072814, lr=1.000e-04
33/50, train = 0.058631, valid = 0.071792, lr=1.000e-04
34/50, train = 0.056472, valid = 0.068536, lr=1.000e-04
35/50, train = 0.056866, valid = 0.070474, lr=1.000e-04
36/50, train = 0.058781, valid = 0.069482, lr=1.000e-04
37/50, train = 0.056916, valid = 0.066695, lr=1.000e-04
38/50, train = 0.056048, valid = 0.068956, lr=1.000e-04
39/50, train = 0.055607, valid = 0.073123, lr=1.000e-04
40/50, train = 0.056439, valid = 0.070018, lr=1.000e-04
41/50, train = 0.055222, valid = 0.067548, lr=1.000e-04
42/50, train = 0.056850, valid = 0.067573, lr=1.000e-04
43/50, train = 0.053793, valid = 0.066690, lr=5.000e-05
44/50, train = 0.048545, valid = 0.060716, lr=5.000e-05
45/50, train = 0.045533, valid = 0.060619, lr=5.000e-05
46/50, train = 0.045239, valid = 0.059015, lr=5.000e-05
47/50, train = 0.044506, valid = 0.058628, lr=5.000e-05
48/50, train = 0.044920, valid = 0.059637, lr=5.000e-05
49/50, train = 0.044292, valid = 0.060615, lr=5.000e-05
50/50, train = 0.044735, valid = 0.061460, lr=5.000e-05

Training full model 4
1/200, train = 0.085656, valid = 0.099474, lr=1.000e-04
2/200, train = 0.073766, valid = 0.096391, lr=1.000e-04
3/200, train = 0.079751, valid = 0.080037, lr=1.000e-04
4/200, train = 0.075256, valid = 0.081644, lr=1.000e-04
5/200, train = 0.067239, valid = 0.080210, lr=1.000e-04
6/200, train = 0.067648, valid = 0.068264, lr=1.000e-04
7/200, train = 0.065517, valid = 0.080358, lr=1.000e-04
8/200, train = 0.064726, valid = 0.069472, lr=1.000e-04
9/200, train = 0.065744, valid = 0.077765, lr=1.000e-04
10/200, train = 0.069314, valid = 0.082099, lr=1.000e-04
11/200, train = 0.068068, valid = 0.075708, lr=1.000e-04
12/200, train = 0.063097, valid = 0.079844, lr=5.000e-05
13/200, train = 0.053028, valid = 0.061805, lr=5.000e-05
14/200, train = 0.048716, valid = 0.061314, lr=5.000e-05
15/200, train = 0.047415, valid = 0.059718, lr=5.000e-05
16/200, train = 0.044589, valid = 0.063133, lr=5.000e-05
17/200, train = 0.046279, valid = 0.060022, lr=5.000e-05
18/200, train = 0.044952, valid = 0.057174, lr=5.000e-05
19/200, train = 0.045155, valid = 0.058125, lr=5.000e-05
20/200, train = 0.045988, valid = 0.058917, lr=5.000e-05
21/200, train = 0.046151, valid = 0.057548, lr=5.000e-05
22/200, train = 0.044121, valid = 0.058505, lr=5.000e-05
23/200, train = 0.045292, valid = 0.058028, lr=5.000e-05
24/200, train = 0.051173, valid = 0.060255, lr=2.500e-05
25/200, train = 0.042428, valid = 0.053008, lr=2.500e-05
26/200, train = 0.039299, valid = 0.053670, lr=2.500e-05
27/200, train = 0.038053, valid = 0.053853, lr=2.500e-05
28/200, train = 0.037758, valid = 0.051705, lr=2.500e-05
29/200, train = 0.039470, valid = 0.052885, lr=2.500e-05
30/200, train = 0.037869, valid = 0.052761, lr=2.500e-05
31/200, train = 0.038167, valid = 0.054728, lr=2.500e-05
32/200, train = 0.038551, valid = 0.054712, lr=2.500e-05
33/200, train = 0.037551, valid = 0.051661, lr=2.500e-05
34/200, train = 0.036401, valid = 0.054423, lr=2.500e-05
35/200, train = 0.039860, valid = 0.051783, lr=2.500e-05
36/200, train = 0.036973, valid = 0.052670, lr=2.500e-05
37/200, train = 0.037367, valid = 0.050027, lr=2.500e-05
38/200, train = 0.036441, valid = 0.051073, lr=2.500e-05
39/200, train = 0.037023, valid = 0.054480, lr=2.500e-05
40/200, train = 0.036457, valid = 0.052071, lr=2.500e-05
41/200, train = 0.036103, valid = 0.050559, lr=2.500e-05
42/200, train = 0.036648, valid = 0.052203, lr=2.500e-05
43/200, train = 0.035776, valid = 0.052794, lr=1.250e-05
44/200, train = 0.035724, valid = 0.049675, lr=1.250e-05
45/200, train = 0.033887, valid = 0.049707, lr=1.250e-05
46/200, train = 0.033185, valid = 0.049943, lr=1.250e-05
47/200, train = 0.034111, valid = 0.050139, lr=1.250e-05
48/200, train = 0.035053, valid = 0.049955, lr=1.250e-05
49/200, train = 0.033212, valid = 0.051975, lr=1.250e-05
50/200, train = 0.033310, valid = 0.049452, lr=1.250e-05
51/200, train = 0.033767, valid = 0.049237, lr=1.250e-05
52/200, train = 0.033333, valid = 0.049315, lr=1.250e-05
53/200, train = 0.033340, valid = 0.048472, lr=1.250e-05
54/200, train = 0.034089, valid = 0.049175, lr=1.250e-05
55/200, train = 0.033006, valid = 0.048679, lr=1.250e-05
56/200, train = 0.033736, valid = 0.048917, lr=1.250e-05
57/200, train = 0.032381, valid = 0.048496, lr=1.250e-05
58/200, train = 0.033673, valid = 0.049483, lr=1.250e-05
59/200, train = 0.033102, valid = 0.049242, lr=6.250e-06
60/200, train = 0.032562, valid = 0.049129, lr=6.250e-06
61/200, train = 0.031654, valid = 0.048022, lr=6.250e-06
62/200, train = 0.032207, valid = 0.050503, lr=6.250e-06
63/200, train = 0.031713, valid = 0.049034, lr=6.250e-06
64/200, train = 0.031877, valid = 0.047307, lr=6.250e-06
65/200, train = 0.032711, valid = 0.047644, lr=6.250e-06
66/200, train = 0.031613, valid = 0.048183, lr=6.250e-06
67/200, train = 0.032128, valid = 0.047954, lr=6.250e-06
68/200, train = 0.031634, valid = 0.048868, lr=6.250e-06
69/200, train = 0.031789, valid = 0.049518, lr=6.250e-06
70/200, train = 0.031696, valid = 0.048573, lr=3.125e-06
71/200, train = 0.030930, valid = 0.047538, lr=3.125e-06
72/200, train = 0.031126, valid = 0.047856, lr=3.125e-06
73/200, train = 0.030727, valid = 0.047148, lr=3.125e-06
74/200, train = 0.031488, valid = 0.047603, lr=3.125e-06
75/200, train = 0.031947, valid = 0.048102, lr=3.125e-06
76/200, train = 0.031356, valid = 0.048219, lr=3.125e-06
77/200, train = 0.031109, valid = 0.048956, lr=3.125e-06
78/200, train = 0.030909, valid = 0.047672, lr=3.125e-06
79/200, train = 0.031052, valid = 0.047456, lr=1.563e-06
80/200, train = 0.030509, valid = 0.047489, lr=1.563e-06
81/200, train = 0.030408, valid = 0.048493, lr=1.563e-06
82/200, train = 0.031625, valid = 0.047808, lr=1.563e-06
83/200, train = 0.030851, valid = 0.047075, lr=1.563e-06
84/200, train = 0.030895, valid = 0.046873, lr=1.563e-06
85/200, train = 0.030525, valid = 0.047159, lr=1.563e-06
86/200, train = 0.030626, valid = 0.047569, lr=1.563e-06
87/200, train = 0.030523, valid = 0.046912, lr=1.563e-06
88/200, train = 0.030360, valid = 0.048311, lr=1.563e-06
89/200, train = 0.030483, valid = 0.047365, lr=1.563e-06
90/200, train = 0.030946, valid = 0.047304, lr=7.813e-07
91/200, train = 0.031959, valid = 0.048055, lr=7.813e-07
92/200, train = 0.030888, valid = 0.047015, lr=7.813e-07
93/200, train = 0.030556, valid = 0.047603, lr=7.813e-07
94/200, train = 0.030808, valid = 0.049547, lr=7.813e-07
95/200, train = 0.031030, valid = 0.048222, lr=7.813e-07
96/200, train = 0.030260, valid = 0.047637, lr=3.906e-07
97/200, train = 0.030455, valid = 0.047742, lr=3.906e-07
98/200, train = 0.030400, valid = 0.047352, lr=3.906e-07
99/200, train = 0.030957, valid = 0.047352, lr=3.906e-07
100/200, train = 0.030111, valid = 0.046873, lr=3.906e-07
101/200, train = 0.030619, valid = 0.047248, lr=3.906e-07
102/200, train = 0.030406, valid = 0.047041, lr=1.953e-07
103/200, train = 0.030149, valid = 0.047173, lr=1.953e-07
104/200, train = 0.030186, valid = 0.047584, lr=1.953e-07
105/200, train = 0.030511, valid = 0.046446, lr=1.953e-07
106/200, train = 0.030234, valid = 0.046512, lr=1.953e-07
107/200, train = 0.030481, valid = 0.047383, lr=1.953e-07
108/200, train = 0.029942, valid = 0.047203, lr=1.953e-07
109/200, train = 0.030046, valid = 0.047416, lr=1.953e-07
110/200, train = 0.030050, valid = 0.049442, lr=1.953e-07
111/200, train = 0.030633, valid = 0.046818, lr=9.766e-08
112/200, train = 0.029948, valid = 0.047549, lr=9.766e-08
113/200, train = 0.031047, valid = 0.047184, lr=9.766e-08
114/200, train = 0.030196, valid = 0.046844, lr=9.766e-08
115/200, train = 0.031030, valid = 0.047026, lr=9.766e-08
116/200, train = 0.030067, valid = 0.047115, lr=9.766e-08
117/200, train = 0.030106, valid = 0.047406, lr=4.883e-08
118/200, train = 0.030252, valid = 0.046992, lr=4.883e-08
119/200, train = 0.030716, valid = 0.046875, lr=4.883e-08
120/200, train = 0.030850, valid = 0.047138, lr=4.883e-08
121/200, train = 0.030212, valid = 0.047573, lr=4.883e-08
122/200, train = 0.031083, valid = 0.047279, lr=4.883e-08
123/200, train = 0.030375, valid = 0.047013, lr=2.441e-08
124/200, train = 0.030342, valid = 0.047045, lr=2.441e-08
125/200, train = 0.030710, valid = 0.047269, lr=2.441e-08
126/200, train = 0.030664, valid = 0.047605, lr=2.441e-08
127/200, train = 0.030224, valid = 0.048174, lr=2.441e-08
128/200, train = 0.030316, valid = 0.047447, lr=2.441e-08
129/200, train = 0.030552, valid = 0.046988, lr=1.221e-08
130/200, train = 0.030464, valid = 0.046943, lr=1.221e-08
131/200, train = 0.030197, valid = 0.047121, lr=1.221e-08
132/200, train = 0.029946, valid = 0.046770, lr=1.221e-08
133/200, train = 0.030467, valid = 0.047108, lr=1.221e-08
134/200, train = 0.030272, valid = 0.046918, lr=1.221e-08
135/200, train = 0.030733, valid = 0.046778, lr=1.221e-08
136/200, train = 0.030068, valid = 0.046873, lr=1.221e-08
137/200, train = 0.030133, valid = 0.047463, lr=1.221e-08
138/200, train = 0.031457, valid = 0.046992, lr=1.221e-08
139/200, train = 0.030597, valid = 0.048770, lr=1.221e-08
140/200, train = 0.030179, valid = 0.047560, lr=1.221e-08
141/200, train = 0.030497, valid = 0.046786, lr=1.221e-08
142/200, train = 0.030175, valid = 0.048154, lr=1.221e-08
143/200, train = 0.030080, valid = 0.046583, lr=1.221e-08
144/200, train = 0.030312, valid = 0.047402, lr=1.221e-08
145/200, train = 0.030440, valid = 0.047468, lr=1.221e-08
146/200, train = 0.030430, valid = 0.046683, lr=1.221e-08
147/200, train = 0.030291, valid = 0.049463, lr=1.221e-08
148/200, train = 0.030466, valid = 0.047469, lr=1.221e-08
149/200, train = 0.030530, valid = 0.046947, lr=1.221e-08
150/200, train = 0.030019, valid = 0.047752, lr=1.221e-08
151/200, train = 0.030039, valid = 0.047583, lr=1.221e-08
152/200, train = 0.030544, valid = 0.047620, lr=1.221e-08
153/200, train = 0.030355, valid = 0.047074, lr=1.221e-08
154/200, train = 0.030101, valid = 0.047490, lr=1.221e-08
155/200, train = 0.030633, valid = 0.046779, lr=1.221e-08
156/200, train = 0.030150, valid = 0.047287, lr=1.221e-08
157/200, train = 0.030209, valid = 0.047345, lr=1.221e-08
158/200, train = 0.030539, valid = 0.046935, lr=1.221e-08
159/200, train = 0.030663, valid = 0.048088, lr=1.221e-08
160/200, train = 0.030313, valid = 0.047560, lr=1.221e-08
161/200, train = 0.030697, valid = 0.047348, lr=1.221e-08
162/200, train = 0.030300, valid = 0.048974, lr=1.221e-08
163/200, train = 0.030416, valid = 0.047281, lr=1.221e-08
164/200, train = 0.030130, valid = 0.046766, lr=1.221e-08
165/200, train = 0.030281, valid = 0.048726, lr=1.221e-08
166/200, train = 0.030019, valid = 0.047236, lr=1.221e-08
167/200, train = 0.030606, valid = 0.047256, lr=1.221e-08
168/200, train = 0.030101, valid = 0.049306, lr=1.221e-08
169/200, train = 0.030112, valid = 0.047324, lr=1.221e-08
170/200, train = 0.030944, valid = 0.046801, lr=1.221e-08
171/200, train = 0.030237, valid = 0.046953, lr=1.221e-08
172/200, train = 0.030689, valid = 0.047156, lr=1.221e-08
173/200, train = 0.030357, valid = 0.046638, lr=1.221e-08
174/200, train = 0.030504, valid = 0.047033, lr=1.221e-08
175/200, train = 0.030174, valid = 0.047039, lr=1.221e-08
176/200, train = 0.030090, valid = 0.047306, lr=1.221e-08
177/200, train = 0.030069, valid = 0.047674, lr=1.221e-08
178/200, train = 0.030639, valid = 0.046893, lr=1.221e-08
179/200, train = 0.030415, valid = 0.049109, lr=1.221e-08
180/200, train = 0.030842, valid = 0.047027, lr=1.221e-08
181/200, train = 0.030243, valid = 0.047026, lr=1.221e-08
182/200, train = 0.031542, valid = 0.047303, lr=1.221e-08
183/200, train = 0.030450, valid = 0.047288, lr=1.221e-08
184/200, train = 0.030318, valid = 0.046680, lr=1.221e-08
185/200, train = 0.030265, valid = 0.049309, lr=1.221e-08
186/200, train = 0.030313, valid = 0.047108, lr=1.221e-08
187/200, train = 0.030036, valid = 0.047701, lr=1.221e-08
188/200, train = 0.030250, valid = 0.048895, lr=1.221e-08
189/200, train = 0.030370, valid = 0.047211, lr=1.221e-08
190/200, train = 0.030385, valid = 0.046861, lr=1.221e-08
191/200, train = 0.030236, valid = 0.046918, lr=1.221e-08
192/200, train = 0.030236, valid = 0.047096, lr=1.221e-08
193/200, train = 0.029942, valid = 0.046839, lr=1.221e-08
194/200, train = 0.030707, valid = 0.046783, lr=1.221e-08
195/200, train = 0.030243, valid = 0.047563, lr=1.221e-08
196/200, train = 0.030084, valid = 0.047633, lr=1.221e-08
197/200, train = 0.029807, valid = 0.047039, lr=1.221e-08
198/200, train = 0.030107, valid = 0.046784, lr=1.221e-08
199/200, train = 0.031395, valid = 0.047367, lr=1.221e-08
200/200, train = 0.030612, valid = 0.047169, lr=1.221e-08

Pretrain training model 5, newly added blocks
1/50, train = 0.428172, valid = 0.342273, lr=1.000e-04
2/50, train = 0.336926, valid = 0.325998, lr=1.000e-04
3/50, train = 0.326495, valid = 0.319410, lr=1.000e-04
4/50, train = 0.321595, valid = 0.315836, lr=1.000e-04
5/50, train = 0.317391, valid = 0.313361, lr=1.000e-04
6/50, train = 0.313972, valid = 0.309775, lr=1.000e-04
7/50, train = 0.308391, valid = 0.304866, lr=1.000e-04
8/50, train = 0.300416, valid = 0.298124, lr=1.000e-04
9/50, train = 0.291835, valid = 0.289445, lr=1.000e-04
10/50, train = 0.278325, valid = 0.280996, lr=1.000e-04
11/50, train = 0.268854, valid = 0.268269, lr=1.000e-04
12/50, train = 0.255018, valid = 0.258736, lr=1.000e-04
13/50, train = 0.242839, valid = 0.251201, lr=1.000e-04
14/50, train = 0.233050, valid = 0.248298, lr=1.000e-04
15/50, train = 0.220382, valid = 0.232252, lr=1.000e-04
16/50, train = 0.214171, valid = 0.222448, lr=1.000e-04
17/50, train = 0.196602, valid = 0.215237, lr=1.000e-04
18/50, train = 0.191921, valid = 0.213782, lr=1.000e-04
19/50, train = 0.184053, valid = 0.209535, lr=1.000e-04
20/50, train = 0.175220, valid = 0.208590, lr=1.000e-04
21/50, train = 0.172928, valid = 0.204484, lr=1.000e-04
22/50, train = 0.164051, valid = 0.189836, lr=1.000e-04
23/50, train = 0.158116, valid = 0.189123, lr=1.000e-04
24/50, train = 0.153493, valid = 0.180789, lr=1.000e-04
25/50, train = 0.148858, valid = 0.179725, lr=1.000e-04
26/50, train = 0.143360, valid = 0.179672, lr=1.000e-04
27/50, train = 0.138372, valid = 0.174172, lr=1.000e-04
28/50, train = 0.130961, valid = 0.168441, lr=1.000e-04
29/50, train = 0.130355, valid = 0.171891, lr=1.000e-04
30/50, train = 0.128495, valid = 0.167734, lr=1.000e-04
31/50, train = 0.126840, valid = 0.165066, lr=1.000e-04
32/50, train = 0.119707, valid = 0.164832, lr=1.000e-04
33/50, train = 0.120562, valid = 0.164524, lr=1.000e-04
34/50, train = 0.119177, valid = 0.162041, lr=1.000e-04
35/50, train = 0.114822, valid = 0.156383, lr=1.000e-04
36/50, train = 0.111331, valid = 0.154802, lr=1.000e-04
37/50, train = 0.112285, valid = 0.151965, lr=1.000e-04
38/50, train = 0.106930, valid = 0.153382, lr=1.000e-04
39/50, train = 0.105516, valid = 0.149311, lr=1.000e-04
40/50, train = 0.105700, valid = 0.149032, lr=1.000e-04
41/50, train = 0.101032, valid = 0.146194, lr=1.000e-04
42/50, train = 0.100076, valid = 0.147016, lr=1.000e-04
43/50, train = 0.097207, valid = 0.143260, lr=1.000e-04
44/50, train = 0.095183, valid = 0.143678, lr=1.000e-04
45/50, train = 0.096930, valid = 0.140777, lr=1.000e-04
46/50, train = 0.096808, valid = 0.140110, lr=1.000e-04
47/50, train = 0.094296, valid = 0.140860, lr=1.000e-04
48/50, train = 0.092789, valid = 0.139189, lr=1.000e-04
49/50, train = 0.092364, valid = 0.139726, lr=1.000e-04
50/50, train = 0.090617, valid = 0.135646, lr=1.000e-04

Training full model 5
1/200, train = 0.137061, valid = 0.174778, lr=1.000e-04
2/200, train = 0.133474, valid = 0.164995, lr=1.000e-04
3/200, train = 0.121357, valid = 0.174786, lr=1.000e-04
4/200, train = 0.126822, valid = 0.162787, lr=1.000e-04
5/200, train = 0.119105, valid = 0.156594, lr=1.000e-04
6/200, train = 0.113009, valid = 0.152496, lr=1.000e-04
7/200, train = 0.113097, valid = 0.159556, lr=1.000e-04
8/200, train = 0.115086, valid = 0.161005, lr=1.000e-04
9/200, train = 0.114035, valid = 0.149795, lr=1.000e-04
10/200, train = 0.111645, valid = 0.161635, lr=1.000e-04
11/200, train = 0.113929, valid = 0.155408, lr=1.000e-04
12/200, train = 0.109622, valid = 0.149214, lr=1.000e-04
13/200, train = 0.105737, valid = 0.148440, lr=1.000e-04
14/200, train = 0.101800, valid = 0.151521, lr=1.000e-04
15/200, train = 0.104836, valid = 0.143002, lr=1.000e-04
16/200, train = 0.103345, valid = 0.145255, lr=1.000e-04
17/200, train = 0.098363, valid = 0.148700, lr=1.000e-04
18/200, train = 0.098865, valid = 0.150912, lr=1.000e-04
19/200, train = 0.097378, valid = 0.151129, lr=1.000e-04
20/200, train = 0.096627, valid = 0.143238, lr=1.000e-04
21/200, train = 0.096140, valid = 0.140959, lr=1.000e-04
22/200, train = 0.095819, valid = 0.139223, lr=1.000e-04
23/200, train = 0.090044, valid = 0.136204, lr=1.000e-04
24/200, train = 0.090267, valid = 0.146271, lr=1.000e-04
25/200, train = 0.094513, valid = 0.138578, lr=1.000e-04
26/200, train = 0.097765, valid = 0.142924, lr=1.000e-04
27/200, train = 0.096339, valid = 0.138332, lr=1.000e-04
28/200, train = 0.093827, valid = 0.143896, lr=1.000e-04
29/200, train = 0.087976, valid = 0.142980, lr=5.000e-05
30/200, train = 0.077564, valid = 0.123515, lr=5.000e-05
31/200, train = 0.065925, valid = 0.127003, lr=5.000e-05
32/200, train = 0.064555, valid = 0.121916, lr=5.000e-05
33/200, train = 0.062225, valid = 0.121791, lr=5.000e-05
34/200, train = 0.062937, valid = 0.120960, lr=5.000e-05
35/200, train = 0.061018, valid = 0.119849, lr=5.000e-05
36/200, train = 0.060835, valid = 0.121471, lr=5.000e-05
37/200, train = 0.060121, valid = 0.120440, lr=5.000e-05
38/200, train = 0.062870, valid = 0.122878, lr=5.000e-05
39/200, train = 0.061931, valid = 0.119166, lr=5.000e-05
40/200, train = 0.062037, valid = 0.124567, lr=5.000e-05
41/200, train = 0.059141, valid = 0.123760, lr=5.000e-05
42/200, train = 0.059054, valid = 0.125378, lr=5.000e-05
43/200, train = 0.059472, valid = 0.122506, lr=5.000e-05
44/200, train = 0.057589, valid = 0.122524, lr=5.000e-05
45/200, train = 0.061089, valid = 0.125148, lr=2.500e-05
46/200, train = 0.055868, valid = 0.117009, lr=2.500e-05
47/200, train = 0.050508, valid = 0.119308, lr=2.500e-05
48/200, train = 0.049115, valid = 0.114996, lr=2.500e-05
49/200, train = 0.048601, valid = 0.115770, lr=2.500e-05
50/200, train = 0.048368, valid = 0.116141, lr=2.500e-05
51/200, train = 0.047541, valid = 0.114919, lr=2.500e-05
52/200, train = 0.048427, valid = 0.117533, lr=2.500e-05
53/200, train = 0.049109, valid = 0.116040, lr=2.500e-05
54/200, train = 0.047834, valid = 0.118422, lr=2.500e-05
55/200, train = 0.046954, valid = 0.116079, lr=2.500e-05
56/200, train = 0.047276, valid = 0.119407, lr=2.500e-05
57/200, train = 0.047834, valid = 0.116596, lr=1.250e-05
58/200, train = 0.044496, valid = 0.114082, lr=1.250e-05
59/200, train = 0.043525, valid = 0.115199, lr=1.250e-05
60/200, train = 0.043792, valid = 0.113664, lr=1.250e-05
61/200, train = 0.043753, valid = 0.112779, lr=1.250e-05
62/200, train = 0.043390, valid = 0.111881, lr=1.250e-05
63/200, train = 0.042638, valid = 0.112206, lr=1.250e-05
64/200, train = 0.042415, valid = 0.115372, lr=1.250e-05
65/200, train = 0.042674, valid = 0.112806, lr=1.250e-05
66/200, train = 0.041681, valid = 0.113714, lr=1.250e-05
67/200, train = 0.041790, valid = 0.114889, lr=1.250e-05
68/200, train = 0.042879, valid = 0.115880, lr=6.250e-06
69/200, train = 0.041036, valid = 0.111899, lr=6.250e-06
70/200, train = 0.040933, valid = 0.112609, lr=6.250e-06
71/200, train = 0.040397, valid = 0.113160, lr=6.250e-06
72/200, train = 0.040401, valid = 0.113707, lr=6.250e-06
73/200, train = 0.040508, valid = 0.111903, lr=6.250e-06
74/200, train = 0.041135, valid = 0.111822, lr=6.250e-06
75/200, train = 0.040691, valid = 0.110463, lr=6.250e-06
76/200, train = 0.039734, valid = 0.111865, lr=6.250e-06
77/200, train = 0.040407, valid = 0.113154, lr=6.250e-06
78/200, train = 0.040247, valid = 0.112140, lr=6.250e-06
79/200, train = 0.039742, valid = 0.110920, lr=6.250e-06
80/200, train = 0.039937, valid = 0.111727, lr=6.250e-06
81/200, train = 0.040475, valid = 0.111470, lr=3.125e-06
82/200, train = 0.039150, valid = 0.111381, lr=3.125e-06
83/200, train = 0.041214, valid = 0.112460, lr=3.125e-06
84/200, train = 0.038959, valid = 0.112005, lr=3.125e-06
85/200, train = 0.039145, valid = 0.112145, lr=3.125e-06
86/200, train = 0.038906, valid = 0.112857, lr=3.125e-06
87/200, train = 0.041509, valid = 0.111863, lr=1.563e-06
88/200, train = 0.039745, valid = 0.111997, lr=1.563e-06
89/200, train = 0.040076, valid = 0.113048, lr=1.563e-06
90/200, train = 0.038592, valid = 0.111570, lr=1.563e-06
91/200, train = 0.038684, valid = 0.110444, lr=1.563e-06
92/200, train = 0.038047, valid = 0.110885, lr=1.563e-06
93/200, train = 0.038640, valid = 0.112496, lr=1.563e-06
94/200, train = 0.038814, valid = 0.111208, lr=1.563e-06
95/200, train = 0.038328, valid = 0.110884, lr=1.563e-06
96/200, train = 0.038452, valid = 0.111348, lr=1.563e-06
97/200, train = 0.038272, valid = 0.110859, lr=7.813e-07
98/200, train = 0.038834, valid = 0.110933, lr=7.813e-07
99/200, train = 0.038022, valid = 0.111629, lr=7.813e-07
100/200, train = 0.038520, valid = 0.111923, lr=7.813e-07
101/200, train = 0.037761, valid = 0.111053, lr=7.813e-07
102/200, train = 0.037858, valid = 0.111120, lr=7.813e-07
103/200, train = 0.038170, valid = 0.111412, lr=3.906e-07
104/200, train = 0.038418, valid = 0.110690, lr=3.906e-07
105/200, train = 0.038642, valid = 0.111956, lr=3.906e-07
106/200, train = 0.038788, valid = 0.111187, lr=3.906e-07
107/200, train = 0.038422, valid = 0.111001, lr=3.906e-07
108/200, train = 0.038205, valid = 0.111464, lr=3.906e-07
109/200, train = 0.038947, valid = 0.111599, lr=1.953e-07
110/200, train = 0.038024, valid = 0.112020, lr=1.953e-07
111/200, train = 0.038101, valid = 0.111343, lr=1.953e-07
112/200, train = 0.038523, valid = 0.110411, lr=1.953e-07
113/200, train = 0.038596, valid = 0.110646, lr=1.953e-07
114/200, train = 0.038794, valid = 0.110505, lr=1.953e-07
115/200, train = 0.037965, valid = 0.110393, lr=1.953e-07
116/200, train = 0.037813, valid = 0.110954, lr=1.953e-07
117/200, train = 0.037967, valid = 0.110875, lr=1.953e-07
118/200, train = 0.038857, valid = 0.111055, lr=1.953e-07
119/200, train = 0.038301, valid = 0.111162, lr=1.953e-07
120/200, train = 0.037826, valid = 0.110971, lr=1.953e-07
121/200, train = 0.037841, valid = 0.110395, lr=9.766e-08
122/200, train = 0.038304, valid = 0.111631, lr=9.766e-08
123/200, train = 0.038019, valid = 0.110738, lr=9.766e-08
124/200, train = 0.037815, valid = 0.111347, lr=9.766e-08
125/200, train = 0.037756, valid = 0.110418, lr=9.766e-08
126/200, train = 0.038763, valid = 0.110291, lr=9.766e-08
127/200, train = 0.039161, valid = 0.110848, lr=9.766e-08
128/200, train = 0.037855, valid = 0.110302, lr=9.766e-08
129/200, train = 0.037441, valid = 0.110991, lr=9.766e-08
130/200, train = 0.038690, valid = 0.111074, lr=9.766e-08
131/200, train = 0.038065, valid = 0.110714, lr=9.766e-08
132/200, train = 0.038838, valid = 0.112401, lr=4.883e-08
133/200, train = 0.038620, valid = 0.114071, lr=4.883e-08
134/200, train = 0.038064, valid = 0.110506, lr=4.883e-08
135/200, train = 0.038411, valid = 0.110003, lr=4.883e-08
136/200, train = 0.037760, valid = 0.109952, lr=4.883e-08
137/200, train = 0.038979, valid = 0.111119, lr=4.883e-08
138/200, train = 0.038142, valid = 0.111126, lr=4.883e-08
139/200, train = 0.037924, valid = 0.109649, lr=4.883e-08
140/200, train = 0.037925, valid = 0.110522, lr=4.883e-08
141/200, train = 0.038010, valid = 0.110445, lr=4.883e-08
142/200, train = 0.038085, valid = 0.110981, lr=4.883e-08
143/200, train = 0.037755, valid = 0.109846, lr=4.883e-08
144/200, train = 0.039584, valid = 0.109827, lr=4.883e-08
145/200, train = 0.038174, valid = 0.111263, lr=2.441e-08
146/200, train = 0.038227, valid = 0.110152, lr=2.441e-08
147/200, train = 0.037895, valid = 0.111151, lr=2.441e-08
148/200, train = 0.038327, valid = 0.110521, lr=2.441e-08
149/200, train = 0.037833, valid = 0.110295, lr=2.441e-08
150/200, train = 0.038030, valid = 0.110927, lr=2.441e-08
151/200, train = 0.038645, valid = 0.110090, lr=1.221e-08
152/200, train = 0.037261, valid = 0.110796, lr=1.221e-08
153/200, train = 0.037725, valid = 0.111005, lr=1.221e-08
154/200, train = 0.037891, valid = 0.110718, lr=1.221e-08
155/200, train = 0.037772, valid = 0.110504, lr=1.221e-08
156/200, train = 0.038432, valid = 0.110757, lr=1.221e-08
157/200, train = 0.038775, valid = 0.111445, lr=1.221e-08
158/200, train = 0.037903, valid = 0.109670, lr=1.221e-08
159/200, train = 0.037836, valid = 0.110065, lr=1.221e-08
160/200, train = 0.038093, valid = 0.110764, lr=1.221e-08
161/200, train = 0.038947, valid = 0.110397, lr=1.221e-08
162/200, train = 0.037748, valid = 0.110656, lr=1.221e-08
163/200, train = 0.038317, valid = 0.112392, lr=1.221e-08
164/200, train = 0.038299, valid = 0.113159, lr=1.221e-08
165/200, train = 0.037673, valid = 0.109978, lr=1.221e-08
166/200, train = 0.038145, valid = 0.110345, lr=1.221e-08
167/200, train = 0.038012, valid = 0.110151, lr=1.221e-08
168/200, train = 0.037741, valid = 0.111086, lr=1.221e-08
169/200, train = 0.038407, valid = 0.111082, lr=1.221e-08
170/200, train = 0.039205, valid = 0.111021, lr=1.221e-08
171/200, train = 0.037926, valid = 0.110616, lr=1.221e-08
172/200, train = 0.037802, valid = 0.113271, lr=1.221e-08
173/200, train = 0.038360, valid = 0.111253, lr=1.221e-08
174/200, train = 0.038300, valid = 0.111178, lr=1.221e-08
175/200, train = 0.038124, valid = 0.110521, lr=1.221e-08
176/200, train = 0.038132, valid = 0.111739, lr=1.221e-08
177/200, train = 0.038470, valid = 0.110573, lr=1.221e-08
178/200, train = 0.038320, valid = 0.113533, lr=1.221e-08
179/200, train = 0.037273, valid = 0.110571, lr=1.221e-08
180/200, train = 0.038372, valid = 0.110603, lr=1.221e-08
181/200, train = 0.038032, valid = 0.110177, lr=1.221e-08
182/200, train = 0.038131, valid = 0.110091, lr=1.221e-08
183/200, train = 0.038286, valid = 0.110930, lr=1.221e-08
184/200, train = 0.037752, valid = 0.111987, lr=1.221e-08
185/200, train = 0.037862, valid = 0.111991, lr=1.221e-08
186/200, train = 0.038141, valid = 0.113852, lr=1.221e-08
187/200, train = 0.037961, valid = 0.110240, lr=1.221e-08
188/200, train = 0.037647, valid = 0.111512, lr=1.221e-08
189/200, train = 0.037832, valid = 0.110796, lr=1.221e-08
190/200, train = 0.037715, valid = 0.110958, lr=1.221e-08
191/200, train = 0.038511, valid = 0.110877, lr=1.221e-08
192/200, train = 0.038008, valid = 0.110787, lr=1.221e-08
193/200, train = 0.037715, valid = 0.111479, lr=1.221e-08
194/200, train = 0.038229, valid = 0.111334, lr=1.221e-08
195/200, train = 0.038148, valid = 0.110197, lr=1.221e-08
196/200, train = 0.038061, valid = 0.111946, lr=1.221e-08
197/200, train = 0.037633, valid = 0.110405, lr=1.221e-08
198/200, train = 0.037836, valid = 0.112174, lr=1.221e-08
199/200, train = 0.037910, valid = 0.110786, lr=1.221e-08
200/200, train = 0.038202, valid = 0.110281, lr=1.221e-08

Pretrain training model 6, newly added blocks
1/50, train = 0.467303, valid = 0.372350, lr=1.000e-04
2/50, train = 0.360045, valid = 0.346741, lr=1.000e-04
3/50, train = 0.344406, valid = 0.335484, lr=1.000e-04
4/50, train = 0.336483, valid = 0.331150, lr=1.000e-04
5/50, train = 0.331253, valid = 0.326638, lr=1.000e-04
6/50, train = 0.328718, valid = 0.325152, lr=1.000e-04
7/50, train = 0.325985, valid = 0.321824, lr=1.000e-04
8/50, train = 0.324788, valid = 0.319969, lr=1.000e-04
9/50, train = 0.322884, valid = 0.319815, lr=1.000e-04
10/50, train = 0.321062, valid = 0.317720, lr=1.000e-04
11/50, train = 0.319367, valid = 0.316391, lr=1.000e-04
12/50, train = 0.318157, valid = 0.314464, lr=1.000e-04
13/50, train = 0.316748, valid = 0.314367, lr=1.000e-04
14/50, train = 0.316794, valid = 0.314229, lr=1.000e-04
15/50, train = 0.317096, valid = 0.311954, lr=1.000e-04
16/50, train = 0.314797, valid = 0.311094, lr=1.000e-04
17/50, train = 0.312743, valid = 0.311389, lr=1.000e-04
18/50, train = 0.312253, valid = 0.309079, lr=1.000e-04
19/50, train = 0.311900, valid = 0.308142, lr=1.000e-04
20/50, train = 0.310509, valid = 0.307887, lr=1.000e-04
21/50, train = 0.308040, valid = 0.308348, lr=1.000e-04
22/50, train = 0.307856, valid = 0.306768, lr=1.000e-04
23/50, train = 0.307480, valid = 0.306929, lr=1.000e-04
24/50, train = 0.307579, valid = 0.306307, lr=1.000e-04
25/50, train = 0.304554, valid = 0.304491, lr=1.000e-04
26/50, train = 0.304515, valid = 0.304732, lr=1.000e-04
27/50, train = 0.302574, valid = 0.302231, lr=1.000e-04
28/50, train = 0.302854, valid = 0.301290, lr=1.000e-04
29/50, train = 0.301130, valid = 0.301066, lr=1.000e-04
30/50, train = 0.300899, valid = 0.300732, lr=1.000e-04
31/50, train = 0.298798, valid = 0.299077, lr=1.000e-04
32/50, train = 0.297286, valid = 0.299033, lr=1.000e-04
33/50, train = 0.297013, valid = 0.299144, lr=1.000e-04
34/50, train = 0.294482, valid = 0.297304, lr=1.000e-04
35/50, train = 0.293939, valid = 0.296784, lr=1.000e-04
36/50, train = 0.294876, valid = 0.296198, lr=1.000e-04
37/50, train = 0.292243, valid = 0.295643, lr=1.000e-04
38/50, train = 0.292810, valid = 0.296782, lr=1.000e-04
39/50, train = 0.289806, valid = 0.295192, lr=1.000e-04
40/50, train = 0.289631, valid = 0.293103, lr=1.000e-04
41/50, train = 0.288265, valid = 0.291122, lr=1.000e-04
42/50, train = 0.287217, valid = 0.292295, lr=1.000e-04
43/50, train = 0.285440, valid = 0.289405, lr=1.000e-04
44/50, train = 0.282258, valid = 0.290151, lr=1.000e-04
45/50, train = 0.284847, valid = 0.289940, lr=1.000e-04
46/50, train = 0.282460, valid = 0.292214, lr=1.000e-04
47/50, train = 0.282142, valid = 0.291693, lr=1.000e-04
48/50, train = 0.280819, valid = 0.286199, lr=1.000e-04
49/50, train = 0.279510, valid = 0.289089, lr=1.000e-04
50/50, train = 0.278110, valid = 0.286526, lr=1.000e-04

Training full model 6
1/200, train = 0.278662, valid = 0.283116, lr=1.000e-04
2/200, train = 0.278584, valid = 0.278664, lr=1.000e-04
3/200, train = 0.276858, valid = 0.277826, lr=1.000e-04
4/200, train = 0.275722, valid = 0.279347, lr=1.000e-04
5/200, train = 0.276237, valid = 0.280606, lr=1.000e-04
6/200, train = 0.278086, valid = 0.277964, lr=1.000e-04
7/200, train = 0.272520, valid = 0.279617, lr=1.000e-04
8/200, train = 0.275448, valid = 0.281285, lr=1.000e-04
9/200, train = 0.270333, valid = 0.276448, lr=1.000e-04
10/200, train = 0.269707, valid = 0.274958, lr=1.000e-04
11/200, train = 0.271178, valid = 0.278376, lr=1.000e-04
12/200, train = 0.268360, valid = 0.273976, lr=1.000e-04
13/200, train = 0.268282, valid = 0.276673, lr=1.000e-04
14/200, train = 0.267329, valid = 0.272322, lr=1.000e-04
15/200, train = 0.264741, valid = 0.273652, lr=1.000e-04
16/200, train = 0.264436, valid = 0.271053, lr=1.000e-04
17/200, train = 0.262756, valid = 0.275237, lr=1.000e-04
18/200, train = 0.263528, valid = 0.269189, lr=1.000e-04
19/200, train = 0.260371, valid = 0.270478, lr=1.000e-04
20/200, train = 0.259216, valid = 0.271467, lr=1.000e-04
21/200, train = 0.258423, valid = 0.269698, lr=1.000e-04
22/200, train = 0.258421, valid = 0.272988, lr=1.000e-04
23/200, train = 0.262993, valid = 0.271003, lr=1.000e-04
24/200, train = 0.259202, valid = 0.267729, lr=1.000e-04
25/200, train = 0.255738, valid = 0.270277, lr=1.000e-04
26/200, train = 0.253590, valid = 0.267232, lr=1.000e-04
27/200, train = 0.255885, valid = 0.268584, lr=1.000e-04
28/200, train = 0.255669, valid = 0.268624, lr=1.000e-04
29/200, train = 0.255034, valid = 0.269751, lr=1.000e-04
30/200, train = 0.257703, valid = 0.268568, lr=1.000e-04
31/200, train = 0.252927, valid = 0.266211, lr=1.000e-04
32/200, train = 0.250838, valid = 0.265064, lr=1.000e-04
33/200, train = 0.251166, valid = 0.262842, lr=1.000e-04
34/200, train = 0.247627, valid = 0.262559, lr=1.000e-04
35/200, train = 0.245880, valid = 0.264271, lr=1.000e-04
36/200, train = 0.247738, valid = 0.267280, lr=1.000e-04
37/200, train = 0.248928, valid = 0.266827, lr=1.000e-04
38/200, train = 0.243887, valid = 0.262121, lr=1.000e-04
39/200, train = 0.244710, valid = 0.260258, lr=1.000e-04
40/200, train = 0.241939, valid = 0.262227, lr=1.000e-04
41/200, train = 0.242614, valid = 0.260511, lr=1.000e-04
42/200, train = 0.244751, valid = 0.262577, lr=1.000e-04
43/200, train = 0.243799, valid = 0.263357, lr=1.000e-04
44/200, train = 0.242051, valid = 0.261335, lr=1.000e-04
45/200, train = 0.235812, valid = 0.262051, lr=5.000e-05
46/200, train = 0.231353, valid = 0.252041, lr=5.000e-05
47/200, train = 0.226617, valid = 0.252214, lr=5.000e-05
48/200, train = 0.223723, valid = 0.249851, lr=5.000e-05
49/200, train = 0.221301, valid = 0.249398, lr=5.000e-05
50/200, train = 0.221512, valid = 0.248909, lr=5.000e-05
51/200, train = 0.222554, valid = 0.250728, lr=5.000e-05
52/200, train = 0.219241, valid = 0.247604, lr=5.000e-05
53/200, train = 0.219026, valid = 0.246951, lr=5.000e-05
54/200, train = 0.216541, valid = 0.249705, lr=5.000e-05
55/200, train = 0.216583, valid = 0.243932, lr=5.000e-05
56/200, train = 0.214621, valid = 0.244700, lr=5.000e-05
57/200, train = 0.214940, valid = 0.242796, lr=5.000e-05
58/200, train = 0.213590, valid = 0.245999, lr=5.000e-05
59/200, train = 0.213141, valid = 0.245046, lr=5.000e-05
60/200, train = 0.210269, valid = 0.241212, lr=5.000e-05
61/200, train = 0.208992, valid = 0.245361, lr=5.000e-05
62/200, train = 0.208374, valid = 0.250467, lr=5.000e-05
63/200, train = 0.211385, valid = 0.241112, lr=5.000e-05
64/200, train = 0.208906, valid = 0.245821, lr=5.000e-05
65/200, train = 0.208059, valid = 0.241834, lr=5.000e-05
66/200, train = 0.206007, valid = 0.240076, lr=5.000e-05
67/200, train = 0.205711, valid = 0.238703, lr=5.000e-05
68/200, train = 0.204358, valid = 0.239962, lr=5.000e-05
69/200, train = 0.203083, valid = 0.237565, lr=5.000e-05
70/200, train = 0.201579, valid = 0.237969, lr=5.000e-05
71/200, train = 0.201330, valid = 0.235228, lr=5.000e-05
72/200, train = 0.200479, valid = 0.241876, lr=5.000e-05
73/200, train = 0.200559, valid = 0.236570, lr=5.000e-05
74/200, train = 0.199407, valid = 0.237640, lr=5.000e-05
75/200, train = 0.198164, valid = 0.236113, lr=5.000e-05
76/200, train = 0.197858, valid = 0.238166, lr=5.000e-05
77/200, train = 0.197441, valid = 0.236837, lr=2.500e-05
78/200, train = 0.193372, valid = 0.232723, lr=2.500e-05
79/200, train = 0.189477, valid = 0.231934, lr=2.500e-05
80/200, train = 0.188531, valid = 0.231777, lr=2.500e-05
81/200, train = 0.188316, valid = 0.230342, lr=2.500e-05
82/200, train = 0.185963, valid = 0.231925, lr=2.500e-05
83/200, train = 0.185324, valid = 0.231249, lr=2.500e-05
84/200, train = 0.184723, valid = 0.228400, lr=2.500e-05
85/200, train = 0.184336, valid = 0.229499, lr=2.500e-05
86/200, train = 0.184614, valid = 0.229248, lr=2.500e-05
87/200, train = 0.182271, valid = 0.228991, lr=2.500e-05
88/200, train = 0.183114, valid = 0.227744, lr=2.500e-05
89/200, train = 0.183054, valid = 0.229207, lr=2.500e-05
90/200, train = 0.182249, valid = 0.228237, lr=2.500e-05
91/200, train = 0.180784, valid = 0.228884, lr=2.500e-05
92/200, train = 0.179823, valid = 0.228581, lr=2.500e-05
93/200, train = 0.179819, valid = 0.227802, lr=2.500e-05
94/200, train = 0.178634, valid = 0.229862, lr=1.250e-05
95/200, train = 0.178011, valid = 0.226957, lr=1.250e-05
96/200, train = 0.175539, valid = 0.225964, lr=1.250e-05
97/200, train = 0.175695, valid = 0.227722, lr=1.250e-05
98/200, train = 0.175167, valid = 0.224109, lr=1.250e-05
99/200, train = 0.174261, valid = 0.224211, lr=1.250e-05
100/200, train = 0.174472, valid = 0.224037, lr=1.250e-05
101/200, train = 0.174500, valid = 0.226827, lr=1.250e-05
102/200, train = 0.174683, valid = 0.225709, lr=1.250e-05
103/200, train = 0.173937, valid = 0.224329, lr=1.250e-05
104/200, train = 0.173357, valid = 0.228180, lr=1.250e-05
105/200, train = 0.173899, valid = 0.223488, lr=1.250e-05
106/200, train = 0.174128, valid = 0.224338, lr=1.250e-05
107/200, train = 0.173175, valid = 0.225508, lr=1.250e-05
108/200, train = 0.173500, valid = 0.222151, lr=1.250e-05
109/200, train = 0.172165, valid = 0.223704, lr=1.250e-05
110/200, train = 0.171424, valid = 0.225351, lr=1.250e-05
111/200, train = 0.172522, valid = 0.225062, lr=1.250e-05
112/200, train = 0.171134, valid = 0.220964, lr=1.250e-05
113/200, train = 0.171290, valid = 0.223314, lr=1.250e-05
114/200, train = 0.170328, valid = 0.222915, lr=1.250e-05
115/200, train = 0.170168, valid = 0.223984, lr=1.250e-05
116/200, train = 0.170157, valid = 0.223913, lr=1.250e-05
117/200, train = 0.170050, valid = 0.223592, lr=1.250e-05
118/200, train = 0.169893, valid = 0.222261, lr=6.250e-06
119/200, train = 0.168406, valid = 0.222048, lr=6.250e-06
120/200, train = 0.168156, valid = 0.221607, lr=6.250e-06
121/200, train = 0.167631, valid = 0.221663, lr=6.250e-06
122/200, train = 0.168720, valid = 0.222118, lr=6.250e-06
123/200, train = 0.167979, valid = 0.221294, lr=6.250e-06
124/200, train = 0.167160, valid = 0.221569, lr=3.125e-06
125/200, train = 0.166958, valid = 0.221727, lr=3.125e-06
126/200, train = 0.166228, valid = 0.221023, lr=3.125e-06
127/200, train = 0.165562, valid = 0.221124, lr=3.125e-06
128/200, train = 0.166816, valid = 0.220523, lr=3.125e-06
129/200, train = 0.165947, valid = 0.220518, lr=3.125e-06
130/200, train = 0.166355, valid = 0.220962, lr=3.125e-06
131/200, train = 0.166279, valid = 0.220050, lr=3.125e-06
132/200, train = 0.166778, valid = 0.220149, lr=3.125e-06
133/200, train = 0.165212, valid = 0.219896, lr=3.125e-06
134/200, train = 0.165968, valid = 0.219675, lr=3.125e-06
135/200, train = 0.166502, valid = 0.220086, lr=3.125e-06
136/200, train = 0.165936, valid = 0.219625, lr=3.125e-06
137/200, train = 0.166011, valid = 0.220351, lr=3.125e-06
138/200, train = 0.165868, valid = 0.221532, lr=3.125e-06
139/200, train = 0.165801, valid = 0.220481, lr=3.125e-06
140/200, train = 0.166070, valid = 0.220273, lr=3.125e-06
141/200, train = 0.165557, valid = 0.219378, lr=3.125e-06
142/200, train = 0.166105, valid = 0.218975, lr=3.125e-06
143/200, train = 0.165013, valid = 0.220152, lr=3.125e-06
144/200, train = 0.164842, valid = 0.220998, lr=3.125e-06
145/200, train = 0.165727, valid = 0.220842, lr=3.125e-06
146/200, train = 0.164973, valid = 0.222654, lr=3.125e-06
147/200, train = 0.165922, valid = 0.220462, lr=3.125e-06
148/200, train = 0.165700, valid = 0.221357, lr=1.563e-06
149/200, train = 0.164790, valid = 0.219136, lr=1.563e-06
150/200, train = 0.164123, valid = 0.220115, lr=1.563e-06
151/200, train = 0.163992, valid = 0.220784, lr=1.563e-06
152/200, train = 0.165595, valid = 0.219284, lr=1.563e-06
153/200, train = 0.164920, valid = 0.220230, lr=1.563e-06
154/200, train = 0.164404, valid = 0.219688, lr=7.813e-07
155/200, train = 0.163851, valid = 0.219861, lr=7.813e-07
156/200, train = 0.163820, valid = 0.220331, lr=7.813e-07
157/200, train = 0.163179, valid = 0.220040, lr=7.813e-07
158/200, train = 0.165219, valid = 0.219202, lr=7.813e-07
159/200, train = 0.164415, valid = 0.221596, lr=7.813e-07
160/200, train = 0.164469, valid = 0.219545, lr=3.906e-07
161/200, train = 0.163986, valid = 0.220423, lr=3.906e-07
162/200, train = 0.164084, valid = 0.220963, lr=3.906e-07
163/200, train = 0.163817, valid = 0.219068, lr=3.906e-07
164/200, train = 0.163302, valid = 0.219032, lr=3.906e-07
165/200, train = 0.163630, valid = 0.219985, lr=3.906e-07
166/200, train = 0.164487, valid = 0.220123, lr=1.953e-07
167/200, train = 0.164498, valid = 0.220106, lr=1.953e-07
168/200, train = 0.164110, valid = 0.220815, lr=1.953e-07
169/200, train = 0.164520, valid = 0.219932, lr=1.953e-07
170/200, train = 0.163514, valid = 0.220768, lr=1.953e-07
171/200, train = 0.164403, valid = 0.220710, lr=1.953e-07
172/200, train = 0.164051, valid = 0.220841, lr=9.766e-08
173/200, train = 0.163293, valid = 0.220593, lr=9.766e-08
174/200, train = 0.164087, valid = 0.219571, lr=9.766e-08
175/200, train = 0.162971, valid = 0.221172, lr=9.766e-08
176/200, train = 0.163684, valid = 0.219235, lr=9.766e-08
177/200, train = 0.163933, valid = 0.219426, lr=9.766e-08
178/200, train = 0.163418, valid = 0.220887, lr=4.883e-08
179/200, train = 0.164267, valid = 0.219824, lr=4.883e-08
180/200, train = 0.163658, valid = 0.219636, lr=4.883e-08
181/200, train = 0.163484, valid = 0.221461, lr=4.883e-08
182/200, train = 0.164093, valid = 0.220758, lr=4.883e-08
183/200, train = 0.163956, valid = 0.220642, lr=4.883e-08
184/200, train = 0.164373, valid = 0.219491, lr=2.441e-08
185/200, train = 0.163815, valid = 0.220296, lr=2.441e-08
186/200, train = 0.163993, valid = 0.219250, lr=2.441e-08
187/200, train = 0.163229, valid = 0.220148, lr=2.441e-08
188/200, train = 0.163376, valid = 0.221334, lr=2.441e-08
189/200, train = 0.163347, valid = 0.218781, lr=2.441e-08
190/200, train = 0.163803, valid = 0.219857, lr=2.441e-08
191/200, train = 0.164618, valid = 0.219167, lr=2.441e-08
192/200, train = 0.163661, valid = 0.221013, lr=2.441e-08
193/200, train = 0.163363, valid = 0.219489, lr=2.441e-08
194/200, train = 0.164499, valid = 0.220249, lr=2.441e-08
195/200, train = 0.163183, valid = 0.220115, lr=1.221e-08
196/200, train = 0.163835, valid = 0.217477, lr=1.221e-08
197/200, train = 0.163894, valid = 0.221213, lr=1.221e-08
198/200, train = 0.163711, valid = 0.221198, lr=1.221e-08
199/200, train = 0.163303, valid = 0.220155, lr=1.221e-08
200/200, train = 0.164040, valid = 0.219914, lr=1.221e-08
