train example: 1200 / 2000
valid example: 800 / 2000
Number of batches:		
	train = 60		
	validation = 40
Training model 2
1/200, train = 0.207945, valid = 0.126041, lr=1.000e-04
2/200, train = 0.107027, valid = 0.095967, lr=1.000e-04
3/200, train = 0.095349, valid = 0.093729, lr=1.000e-04
4/200, train = 0.092397, valid = 0.073772, lr=1.000e-04
5/200, train = 0.081581, valid = 0.072001, lr=1.000e-04
6/200, train = 0.074875, valid = 0.069810, lr=1.000e-04
7/200, train = 0.067770, valid = 0.069692, lr=1.000e-04
8/200, train = 0.073614, valid = 0.068591, lr=1.000e-04
9/200, train = 0.067789, valid = 0.064624, lr=1.000e-04
10/200, train = 0.066802, valid = 0.066881, lr=1.000e-04
11/200, train = 0.062621, valid = 0.052075, lr=1.000e-04
12/200, train = 0.055957, valid = 0.064796, lr=1.000e-04
13/200, train = 0.066052, valid = 0.080664, lr=1.000e-04
14/200, train = 0.063129, valid = 0.056469, lr=1.000e-04
15/200, train = 0.060260, valid = 0.059249, lr=1.000e-04
16/200, train = 0.053378, valid = 0.049629, lr=1.000e-04
17/200, train = 0.055411, valid = 0.055492, lr=1.000e-04
18/200, train = 0.053391, valid = 0.051520, lr=1.000e-04
19/200, train = 0.053048, valid = 0.050372, lr=1.000e-04
20/200, train = 0.054834, valid = 0.046656, lr=1.000e-04
21/200, train = 0.047600, valid = 0.052016, lr=1.000e-04
22/200, train = 0.049844, valid = 0.053718, lr=1.000e-04
23/200, train = 0.052857, valid = 0.058111, lr=1.000e-04
24/200, train = 0.051696, valid = 0.051145, lr=1.000e-04
25/200, train = 0.050007, valid = 0.042462, lr=1.000e-04
26/200, train = 0.043640, valid = 0.045139, lr=1.000e-04
27/200, train = 0.044739, valid = 0.040774, lr=1.000e-04
28/200, train = 0.049749, valid = 0.057833, lr=1.000e-04
29/200, train = 0.050479, valid = 0.053590, lr=1.000e-04
30/200, train = 0.048251, valid = 0.044550, lr=1.000e-04
31/200, train = 0.045389, valid = 0.040079, lr=1.000e-04
32/200, train = 0.043229, valid = 0.055348, lr=1.000e-04
33/200, train = 0.042469, valid = 0.042921, lr=1.000e-04
34/200, train = 0.043928, valid = 0.039310, lr=1.000e-04
35/200, train = 0.041292, valid = 0.043937, lr=1.000e-04
36/200, train = 0.044800, valid = 0.046066, lr=1.000e-04
37/200, train = 0.043017, valid = 0.044953, lr=1.000e-04
38/200, train = 0.040700, valid = 0.047736, lr=1.000e-04
39/200, train = 0.044265, valid = 0.041816, lr=1.000e-04
40/200, train = 0.042073, valid = 0.043460, lr=5.000e-05
41/200, train = 0.034962, valid = 0.034500, lr=5.000e-05
42/200, train = 0.036497, valid = 0.035290, lr=5.000e-05
43/200, train = 0.035268, valid = 0.034300, lr=5.000e-05
44/200, train = 0.032490, valid = 0.036614, lr=5.000e-05
45/200, train = 0.035522, valid = 0.034957, lr=5.000e-05
46/200, train = 0.033912, valid = 0.036719, lr=5.000e-05
47/200, train = 0.034491, valid = 0.031812, lr=5.000e-05
48/200, train = 0.032797, valid = 0.035017, lr=5.000e-05
49/200, train = 0.032540, valid = 0.032329, lr=5.000e-05
50/200, train = 0.032493, valid = 0.034597, lr=5.000e-05
51/200, train = 0.033430, valid = 0.030982, lr=5.000e-05
52/200, train = 0.030905, valid = 0.031616, lr=5.000e-05
53/200, train = 0.031945, valid = 0.031670, lr=5.000e-05
54/200, train = 0.032135, valid = 0.030557, lr=5.000e-05
55/200, train = 0.033589, valid = 0.031954, lr=5.000e-05
56/200, train = 0.032759, valid = 0.030539, lr=5.000e-05
57/200, train = 0.030008, valid = 0.031072, lr=5.000e-05
58/200, train = 0.031858, valid = 0.036889, lr=5.000e-05
59/200, train = 0.033007, valid = 0.032736, lr=5.000e-05
60/200, train = 0.033141, valid = 0.033658, lr=5.000e-05
61/200, train = 0.034195, valid = 0.030475, lr=5.000e-05
62/200, train = 0.029246, valid = 0.030037, lr=5.000e-05
63/200, train = 0.030132, valid = 0.030353, lr=5.000e-05
64/200, train = 0.029339, valid = 0.029499, lr=5.000e-05
65/200, train = 0.030059, valid = 0.028691, lr=5.000e-05
66/200, train = 0.028751, valid = 0.031557, lr=5.000e-05
67/200, train = 0.031070, valid = 0.031744, lr=5.000e-05
68/200, train = 0.033316, valid = 0.030946, lr=5.000e-05
69/200, train = 0.032090, valid = 0.029574, lr=5.000e-05
70/200, train = 0.028919, valid = 0.030660, lr=5.000e-05
71/200, train = 0.031385, valid = 0.031895, lr=2.500e-05
72/200, train = 0.028273, valid = 0.027893, lr=2.500e-05
73/200, train = 0.026741, valid = 0.027158, lr=2.500e-05
74/200, train = 0.027029, valid = 0.026751, lr=2.500e-05
75/200, train = 0.026687, valid = 0.026283, lr=2.500e-05
76/200, train = 0.026415, valid = 0.025900, lr=2.500e-05
77/200, train = 0.025591, valid = 0.027026, lr=2.500e-05
78/200, train = 0.025011, valid = 0.027084, lr=2.500e-05
79/200, train = 0.025675, valid = 0.025712, lr=2.500e-05
80/200, train = 0.025447, valid = 0.025999, lr=2.500e-05
81/200, train = 0.026894, valid = 0.026899, lr=2.500e-05
82/200, train = 0.026064, valid = 0.026757, lr=2.500e-05
83/200, train = 0.026180, valid = 0.028308, lr=2.500e-05
84/200, train = 0.025800, valid = 0.026460, lr=2.500e-05
85/200, train = 0.026076, valid = 0.026717, lr=1.250e-05
86/200, train = 0.025117, valid = 0.025190, lr=1.250e-05
87/200, train = 0.024362, valid = 0.025326, lr=1.250e-05
88/200, train = 0.024013, valid = 0.024389, lr=1.250e-05
89/200, train = 0.024132, valid = 0.024904, lr=1.250e-05
90/200, train = 0.024198, valid = 0.024754, lr=1.250e-05
91/200, train = 0.023726, valid = 0.025342, lr=1.250e-05
92/200, train = 0.024614, valid = 0.024993, lr=1.250e-05
93/200, train = 0.024011, valid = 0.024424, lr=1.250e-05
94/200, train = 0.023807, valid = 0.024035, lr=1.250e-05
95/200, train = 0.023949, valid = 0.025012, lr=1.250e-05
96/200, train = 0.024248, valid = 0.023794, lr=1.250e-05
97/200, train = 0.024041, valid = 0.024316, lr=1.250e-05
98/200, train = 0.023994, valid = 0.024983, lr=1.250e-05
99/200, train = 0.023865, valid = 0.024344, lr=1.250e-05
100/200, train = 0.024237, valid = 0.024772, lr=1.250e-05
101/200, train = 0.024024, valid = 0.023987, lr=1.250e-05
102/200, train = 0.023214, valid = 0.024486, lr=6.250e-06
103/200, train = 0.022860, valid = 0.023606, lr=6.250e-06
104/200, train = 0.022897, valid = 0.024740, lr=6.250e-06
105/200, train = 0.023365, valid = 0.023622, lr=6.250e-06
106/200, train = 0.022808, valid = 0.023608, lr=6.250e-06
107/200, train = 0.022820, valid = 0.023522, lr=6.250e-06
108/200, train = 0.023100, valid = 0.023505, lr=6.250e-06
109/200, train = 0.022767, valid = 0.024016, lr=6.250e-06
110/200, train = 0.022892, valid = 0.023479, lr=6.250e-06
111/200, train = 0.022784, valid = 0.023737, lr=6.250e-06
112/200, train = 0.022962, valid = 0.023506, lr=6.250e-06
113/200, train = 0.022790, valid = 0.023613, lr=6.250e-06
114/200, train = 0.022792, valid = 0.023501, lr=6.250e-06
115/200, train = 0.023141, valid = 0.022948, lr=6.250e-06
116/200, train = 0.022697, valid = 0.023225, lr=6.250e-06
117/200, train = 0.023775, valid = 0.023694, lr=6.250e-06
118/200, train = 0.022589, valid = 0.023349, lr=6.250e-06
119/200, train = 0.022759, valid = 0.023822, lr=6.250e-06
120/200, train = 0.023451, valid = 0.023479, lr=6.250e-06
121/200, train = 0.022780, valid = 0.023688, lr=3.125e-06
122/200, train = 0.022335, valid = 0.023121, lr=3.125e-06
123/200, train = 0.022181, valid = 0.023202, lr=3.125e-06
124/200, train = 0.022126, valid = 0.023153, lr=3.125e-06
125/200, train = 0.022147, valid = 0.022828, lr=3.125e-06
126/200, train = 0.022186, valid = 0.022947, lr=3.125e-06
127/200, train = 0.022102, valid = 0.023051, lr=3.125e-06
128/200, train = 0.022506, valid = 0.023694, lr=3.125e-06
129/200, train = 0.022364, valid = 0.022924, lr=3.125e-06
130/200, train = 0.022499, valid = 0.022785, lr=3.125e-06
131/200, train = 0.022257, valid = 0.023429, lr=3.125e-06
132/200, train = 0.022146, valid = 0.022803, lr=3.125e-06
133/200, train = 0.021974, valid = 0.023537, lr=3.125e-06
134/200, train = 0.022025, valid = 0.022880, lr=3.125e-06
135/200, train = 0.021912, valid = 0.022645, lr=3.125e-06
136/200, train = 0.021994, valid = 0.022836, lr=3.125e-06
137/200, train = 0.022171, valid = 0.022818, lr=3.125e-06
138/200, train = 0.022390, valid = 0.022858, lr=3.125e-06
139/200, train = 0.022940, valid = 0.023023, lr=3.125e-06
140/200, train = 0.022165, valid = 0.023003, lr=3.125e-06
141/200, train = 0.022081, valid = 0.022828, lr=1.563e-06
142/200, train = 0.022004, valid = 0.022612, lr=1.563e-06
143/200, train = 0.022228, valid = 0.022696, lr=1.563e-06
144/200, train = 0.021800, valid = 0.022497, lr=1.563e-06
145/200, train = 0.021749, valid = 0.022856, lr=1.563e-06
146/200, train = 0.021972, valid = 0.022738, lr=1.563e-06
147/200, train = 0.022026, valid = 0.022826, lr=1.563e-06
148/200, train = 0.021792, valid = 0.022539, lr=1.563e-06
149/200, train = 0.022301, valid = 0.022722, lr=1.563e-06
150/200, train = 0.021648, valid = 0.022861, lr=7.813e-07
151/200, train = 0.021922, valid = 0.022639, lr=7.813e-07
152/200, train = 0.022091, valid = 0.022604, lr=7.813e-07
153/200, train = 0.021852, valid = 0.022382, lr=7.813e-07
154/200, train = 0.022108, valid = 0.022581, lr=7.813e-07
155/200, train = 0.021761, valid = 0.022609, lr=7.813e-07
156/200, train = 0.021612, valid = 0.022535, lr=7.813e-07
157/200, train = 0.021890, valid = 0.022437, lr=7.813e-07
158/200, train = 0.021644, valid = 0.023047, lr=7.813e-07
159/200, train = 0.021989, valid = 0.022643, lr=3.906e-07
160/200, train = 0.021678, valid = 0.022652, lr=3.906e-07
161/200, train = 0.021629, valid = 0.022455, lr=3.906e-07
162/200, train = 0.021687, valid = 0.022425, lr=3.906e-07
163/200, train = 0.021899, valid = 0.022528, lr=3.906e-07
164/200, train = 0.022307, valid = 0.022497, lr=3.906e-07
165/200, train = 0.021977, valid = 0.022184, lr=3.906e-07
166/200, train = 0.021759, valid = 0.022374, lr=3.906e-07
167/200, train = 0.021669, valid = 0.022392, lr=3.906e-07
168/200, train = 0.021638, valid = 0.022405, lr=3.906e-07
169/200, train = 0.021707, valid = 0.022440, lr=3.906e-07
170/200, train = 0.021553, valid = 0.022334, lr=3.906e-07
171/200, train = 0.021641, valid = 0.022512, lr=1.953e-07
172/200, train = 0.021774, valid = 0.022330, lr=1.953e-07
173/200, train = 0.021727, valid = 0.022347, lr=1.953e-07
174/200, train = 0.021746, valid = 0.022621, lr=1.953e-07
175/200, train = 0.021753, valid = 0.022357, lr=1.953e-07
176/200, train = 0.021567, valid = 0.022859, lr=1.953e-07
177/200, train = 0.021604, valid = 0.022485, lr=9.766e-08
178/200, train = 0.021901, valid = 0.023513, lr=9.766e-08
179/200, train = 0.021398, valid = 0.022938, lr=9.766e-08
180/200, train = 0.021776, valid = 0.022301, lr=9.766e-08
181/200, train = 0.021538, valid = 0.022401, lr=9.766e-08
182/200, train = 0.021651, valid = 0.022545, lr=9.766e-08
183/200, train = 0.021525, valid = 0.022632, lr=4.883e-08
184/200, train = 0.021715, valid = 0.022786, lr=4.883e-08
185/200, train = 0.021547, valid = 0.022607, lr=4.883e-08
186/200, train = 0.021685, valid = 0.022382, lr=4.883e-08
187/200, train = 0.021791, valid = 0.022725, lr=4.883e-08
188/200, train = 0.021767, valid = 0.022403, lr=4.883e-08
189/200, train = 0.021670, valid = 0.022355, lr=2.441e-08
190/200, train = 0.021446, valid = 0.022686, lr=2.441e-08
191/200, train = 0.021575, valid = 0.022307, lr=2.441e-08
192/200, train = 0.021731, valid = 0.022473, lr=2.441e-08
193/200, train = 0.021830, valid = 0.022249, lr=2.441e-08
194/200, train = 0.021786, valid = 0.022568, lr=2.441e-08
195/200, train = 0.021608, valid = 0.022595, lr=1.221e-08
196/200, train = 0.021710, valid = 0.022464, lr=1.221e-08
197/200, train = 0.021688, valid = 0.022444, lr=1.221e-08
198/200, train = 0.021721, valid = 0.023552, lr=1.221e-08
199/200, train = 0.021499, valid = 0.022569, lr=1.221e-08
200/200, train = 0.021823, valid = 0.022604, lr=1.221e-08

Pretrain training model 3, newly added blocks
1/50, train = 0.237086, valid = 0.134777, lr=1.000e-04
2/50, train = 0.107650, valid = 0.092544, lr=1.000e-04
3/50, train = 0.082446, valid = 0.087723, lr=1.000e-04
4/50, train = 0.072259, valid = 0.062977, lr=1.000e-04
5/50, train = 0.058142, valid = 0.060979, lr=1.000e-04
6/50, train = 0.053864, valid = 0.053197, lr=1.000e-04
7/50, train = 0.053558, valid = 0.056703, lr=1.000e-04
8/50, train = 0.055311, valid = 0.050847, lr=1.000e-04
9/50, train = 0.045971, valid = 0.042439, lr=1.000e-04
10/50, train = 0.044565, valid = 0.042937, lr=1.000e-04
11/50, train = 0.041139, valid = 0.041095, lr=1.000e-04
12/50, train = 0.040777, valid = 0.049290, lr=1.000e-04
13/50, train = 0.040807, valid = 0.043987, lr=1.000e-04
14/50, train = 0.038547, valid = 0.037756, lr=1.000e-04
15/50, train = 0.038822, valid = 0.040342, lr=1.000e-04
16/50, train = 0.042281, valid = 0.041192, lr=1.000e-04
17/50, train = 0.038803, valid = 0.043574, lr=1.000e-04
18/50, train = 0.039260, valid = 0.037835, lr=1.000e-04
19/50, train = 0.035496, valid = 0.038152, lr=1.000e-04
20/50, train = 0.036083, valid = 0.036462, lr=1.000e-04
21/50, train = 0.036367, valid = 0.041122, lr=1.000e-04
22/50, train = 0.036120, valid = 0.037338, lr=1.000e-04
23/50, train = 0.033308, valid = 0.035790, lr=1.000e-04
24/50, train = 0.033601, valid = 0.039791, lr=1.000e-04
25/50, train = 0.036313, valid = 0.035340, lr=1.000e-04
26/50, train = 0.034042, valid = 0.036579, lr=1.000e-04
27/50, train = 0.036357, valid = 0.037281, lr=1.000e-04
28/50, train = 0.034589, valid = 0.036405, lr=1.000e-04
29/50, train = 0.036135, valid = 0.037998, lr=1.000e-04
30/50, train = 0.033493, valid = 0.035280, lr=1.000e-04
31/50, train = 0.033488, valid = 0.034319, lr=1.000e-04
32/50, train = 0.033333, valid = 0.035241, lr=1.000e-04
33/50, train = 0.035355, valid = 0.035342, lr=1.000e-04
34/50, train = 0.032943, valid = 0.035179, lr=1.000e-04
35/50, train = 0.032696, valid = 0.034012, lr=1.000e-04
36/50, train = 0.031497, valid = 0.034195, lr=1.000e-04
37/50, train = 0.031846, valid = 0.036289, lr=1.000e-04
38/50, train = 0.033784, valid = 0.037098, lr=1.000e-04
39/50, train = 0.032332, valid = 0.034900, lr=1.000e-04
40/50, train = 0.032247, valid = 0.034521, lr=1.000e-04
41/50, train = 0.031545, valid = 0.033038, lr=1.000e-04
42/50, train = 0.031002, valid = 0.032544, lr=1.000e-04
43/50, train = 0.029408, valid = 0.032449, lr=1.000e-04
44/50, train = 0.030632, valid = 0.034368, lr=1.000e-04
45/50, train = 0.030883, valid = 0.033433, lr=1.000e-04
46/50, train = 0.031020, valid = 0.034735, lr=1.000e-04
47/50, train = 0.030714, valid = 0.033118, lr=1.000e-04
48/50, train = 0.029918, valid = 0.034865, lr=1.000e-04
49/50, train = 0.029301, valid = 0.030997, lr=1.000e-04
50/50, train = 0.030158, valid = 0.031984, lr=1.000e-04

Training full model 3
1/200, train = 0.060811, valid = 0.051489, lr=1.000e-04
2/200, train = 0.047056, valid = 0.044334, lr=1.000e-04
3/200, train = 0.057135, valid = 0.071090, lr=1.000e-04
4/200, train = 0.046799, valid = 0.045173, lr=1.000e-04
5/200, train = 0.042777, valid = 0.050247, lr=1.000e-04
6/200, train = 0.043414, valid = 0.041929, lr=1.000e-04
7/200, train = 0.044478, valid = 0.042076, lr=1.000e-04
8/200, train = 0.042356, valid = 0.050258, lr=1.000e-04
9/200, train = 0.042382, valid = 0.044474, lr=1.000e-04
10/200, train = 0.040631, valid = 0.038498, lr=1.000e-04
11/200, train = 0.043490, valid = 0.059098, lr=1.000e-04
12/200, train = 0.046326, valid = 0.040313, lr=1.000e-04
13/200, train = 0.038778, valid = 0.042436, lr=1.000e-04
14/200, train = 0.040033, valid = 0.044976, lr=1.000e-04
15/200, train = 0.040233, valid = 0.044583, lr=1.000e-04
16/200, train = 0.042754, valid = 0.051136, lr=5.000e-05
17/200, train = 0.036275, valid = 0.035344, lr=5.000e-05
18/200, train = 0.032010, valid = 0.033757, lr=5.000e-05
19/200, train = 0.030784, valid = 0.031388, lr=5.000e-05
20/200, train = 0.028485, valid = 0.031676, lr=5.000e-05
21/200, train = 0.031309, valid = 0.033699, lr=5.000e-05
22/200, train = 0.031107, valid = 0.028983, lr=5.000e-05
23/200, train = 0.028574, valid = 0.032558, lr=5.000e-05
24/200, train = 0.029929, valid = 0.034182, lr=5.000e-05
25/200, train = 0.030348, valid = 0.032309, lr=5.000e-05
26/200, train = 0.031067, valid = 0.030086, lr=5.000e-05
27/200, train = 0.028430, valid = 0.035083, lr=5.000e-05
28/200, train = 0.029654, valid = 0.035070, lr=2.500e-05
29/200, train = 0.027580, valid = 0.028998, lr=2.500e-05
30/200, train = 0.026068, valid = 0.029096, lr=2.500e-05
31/200, train = 0.026023, valid = 0.028038, lr=2.500e-05
32/200, train = 0.025246, valid = 0.027695, lr=2.500e-05
33/200, train = 0.024800, valid = 0.027949, lr=2.500e-05
34/200, train = 0.025189, valid = 0.027962, lr=2.500e-05
35/200, train = 0.024585, valid = 0.027827, lr=2.500e-05
36/200, train = 0.025048, valid = 0.028420, lr=2.500e-05
37/200, train = 0.024213, valid = 0.027168, lr=2.500e-05
38/200, train = 0.024699, valid = 0.027475, lr=2.500e-05
39/200, train = 0.024706, valid = 0.027399, lr=2.500e-05
40/200, train = 0.025151, valid = 0.027679, lr=2.500e-05
41/200, train = 0.026416, valid = 0.028786, lr=2.500e-05
42/200, train = 0.025038, valid = 0.028571, lr=2.500e-05
43/200, train = 0.025285, valid = 0.029010, lr=1.250e-05
44/200, train = 0.023556, valid = 0.026192, lr=1.250e-05
45/200, train = 0.023232, valid = 0.026256, lr=1.250e-05
46/200, train = 0.023452, valid = 0.026771, lr=1.250e-05
47/200, train = 0.022760, valid = 0.026075, lr=1.250e-05
48/200, train = 0.022816, valid = 0.026546, lr=1.250e-05
49/200, train = 0.022637, valid = 0.026160, lr=1.250e-05
50/200, train = 0.022790, valid = 0.025894, lr=1.250e-05
51/200, train = 0.023216, valid = 0.026158, lr=1.250e-05
52/200, train = 0.022993, valid = 0.026158, lr=1.250e-05
53/200, train = 0.022483, valid = 0.026153, lr=1.250e-05
54/200, train = 0.023063, valid = 0.025557, lr=1.250e-05
55/200, train = 0.022456, valid = 0.025298, lr=1.250e-05
56/200, train = 0.023305, valid = 0.025677, lr=1.250e-05
57/200, train = 0.022862, valid = 0.026102, lr=1.250e-05
58/200, train = 0.024051, valid = 0.025621, lr=1.250e-05
59/200, train = 0.022626, valid = 0.025346, lr=1.250e-05
60/200, train = 0.022624, valid = 0.026226, lr=1.250e-05
61/200, train = 0.022340, valid = 0.025960, lr=6.250e-06
62/200, train = 0.022715, valid = 0.025104, lr=6.250e-06
63/200, train = 0.021613, valid = 0.024878, lr=6.250e-06
64/200, train = 0.021704, valid = 0.025053, lr=6.250e-06
65/200, train = 0.021819, valid = 0.025218, lr=6.250e-06
66/200, train = 0.021521, valid = 0.025125, lr=6.250e-06
67/200, train = 0.021723, valid = 0.024952, lr=6.250e-06
68/200, train = 0.021952, valid = 0.024893, lr=6.250e-06
69/200, train = 0.022029, valid = 0.024923, lr=3.125e-06
70/200, train = 0.021373, valid = 0.024832, lr=3.125e-06
71/200, train = 0.021353, valid = 0.024653, lr=3.125e-06
72/200, train = 0.021290, valid = 0.025126, lr=3.125e-06
73/200, train = 0.021397, valid = 0.024745, lr=3.125e-06
74/200, train = 0.021012, valid = 0.024704, lr=3.125e-06
75/200, train = 0.021193, valid = 0.025060, lr=3.125e-06
76/200, train = 0.021527, valid = 0.024821, lr=3.125e-06
77/200, train = 0.021820, valid = 0.024886, lr=1.563e-06
78/200, train = 0.021060, valid = 0.024514, lr=1.563e-06
79/200, train = 0.021221, valid = 0.025355, lr=1.563e-06
80/200, train = 0.021383, valid = 0.024758, lr=1.563e-06
81/200, train = 0.021234, valid = 0.024857, lr=1.563e-06
82/200, train = 0.021121, valid = 0.024451, lr=1.563e-06
83/200, train = 0.021121, valid = 0.024625, lr=1.563e-06
84/200, train = 0.021484, valid = 0.024541, lr=1.563e-06
85/200, train = 0.021298, valid = 0.024813, lr=1.563e-06
86/200, train = 0.021178, valid = 0.024525, lr=1.563e-06
87/200, train = 0.021109, valid = 0.024594, lr=1.563e-06
88/200, train = 0.021284, valid = 0.024486, lr=7.813e-07
89/200, train = 0.021048, valid = 0.024280, lr=7.813e-07
90/200, train = 0.021117, valid = 0.024523, lr=7.813e-07
91/200, train = 0.021052, valid = 0.024544, lr=7.813e-07
92/200, train = 0.021200, valid = 0.024555, lr=7.813e-07
93/200, train = 0.021125, valid = 0.024593, lr=7.813e-07
94/200, train = 0.021184, valid = 0.024510, lr=7.813e-07
95/200, train = 0.020957, valid = 0.024411, lr=3.906e-07
96/200, train = 0.021175, valid = 0.024368, lr=3.906e-07
97/200, train = 0.020936, valid = 0.024366, lr=3.906e-07
98/200, train = 0.021563, valid = 0.024458, lr=3.906e-07
99/200, train = 0.021035, valid = 0.024390, lr=3.906e-07
100/200, train = 0.021108, valid = 0.024738, lr=3.906e-07
101/200, train = 0.021032, valid = 0.024510, lr=1.953e-07
102/200, train = 0.021099, valid = 0.024395, lr=1.953e-07
103/200, train = 0.020975, valid = 0.024270, lr=1.953e-07
104/200, train = 0.020996, valid = 0.024336, lr=1.953e-07
105/200, train = 0.020873, valid = 0.024503, lr=1.953e-07
106/200, train = 0.020896, valid = 0.024356, lr=1.953e-07
107/200, train = 0.021410, valid = 0.024423, lr=1.953e-07
108/200, train = 0.021375, valid = 0.024667, lr=1.953e-07
109/200, train = 0.021280, valid = 0.024613, lr=9.766e-08
110/200, train = 0.021087, valid = 0.024478, lr=9.766e-08
111/200, train = 0.021435, valid = 0.024077, lr=9.766e-08
112/200, train = 0.021015, valid = 0.024388, lr=9.766e-08
113/200, train = 0.020963, valid = 0.024278, lr=9.766e-08
114/200, train = 0.021058, valid = 0.024176, lr=9.766e-08
115/200, train = 0.020841, valid = 0.024551, lr=9.766e-08
116/200, train = 0.020901, valid = 0.024402, lr=9.766e-08
117/200, train = 0.021520, valid = 0.024325, lr=4.883e-08
118/200, train = 0.020890, valid = 0.024309, lr=4.883e-08
119/200, train = 0.020961, valid = 0.024363, lr=4.883e-08
120/200, train = 0.020859, valid = 0.024673, lr=4.883e-08
121/200, train = 0.020845, valid = 0.024661, lr=4.883e-08
122/200, train = 0.021191, valid = 0.024602, lr=4.883e-08
123/200, train = 0.020805, valid = 0.024889, lr=2.441e-08
124/200, train = 0.020862, valid = 0.024573, lr=2.441e-08
125/200, train = 0.021186, valid = 0.024396, lr=2.441e-08
126/200, train = 0.021238, valid = 0.024402, lr=2.441e-08
127/200, train = 0.021098, valid = 0.024857, lr=2.441e-08
128/200, train = 0.020896, valid = 0.024490, lr=2.441e-08
129/200, train = 0.020982, valid = 0.024701, lr=1.221e-08
130/200, train = 0.020885, valid = 0.024535, lr=1.221e-08
131/200, train = 0.021054, valid = 0.024254, lr=1.221e-08
132/200, train = 0.020781, valid = 0.024672, lr=1.221e-08
133/200, train = 0.021222, valid = 0.024636, lr=1.221e-08
134/200, train = 0.020849, valid = 0.024711, lr=1.221e-08
135/200, train = 0.020886, valid = 0.024433, lr=1.221e-08
136/200, train = 0.021009, valid = 0.024626, lr=1.221e-08
137/200, train = 0.021064, valid = 0.024495, lr=1.221e-08
138/200, train = 0.021081, valid = 0.024441, lr=1.221e-08
139/200, train = 0.020929, valid = 0.024077, lr=1.221e-08
140/200, train = 0.020986, valid = 0.024400, lr=1.221e-08
141/200, train = 0.020934, valid = 0.024231, lr=1.221e-08
142/200, train = 0.020840, valid = 0.024269, lr=1.221e-08
143/200, train = 0.020934, valid = 0.024493, lr=1.221e-08
144/200, train = 0.020838, valid = 0.024728, lr=1.221e-08
145/200, train = 0.021282, valid = 0.024674, lr=1.221e-08
146/200, train = 0.020980, valid = 0.024364, lr=1.221e-08
147/200, train = 0.021145, valid = 0.024582, lr=1.221e-08
148/200, train = 0.020935, valid = 0.024532, lr=1.221e-08
149/200, train = 0.021157, valid = 0.024672, lr=1.221e-08
150/200, train = 0.020788, valid = 0.024490, lr=1.221e-08
151/200, train = 0.020990, valid = 0.024448, lr=1.221e-08
152/200, train = 0.020722, valid = 0.024302, lr=1.221e-08
153/200, train = 0.021012, valid = 0.024419, lr=1.221e-08
154/200, train = 0.020818, valid = 0.024571, lr=1.221e-08
155/200, train = 0.021000, valid = 0.024570, lr=1.221e-08
156/200, train = 0.021028, valid = 0.024885, lr=1.221e-08
157/200, train = 0.020823, valid = 0.024666, lr=1.221e-08
158/200, train = 0.021056, valid = 0.024399, lr=1.221e-08
159/200, train = 0.020736, valid = 0.024388, lr=1.221e-08
160/200, train = 0.020853, valid = 0.024264, lr=1.221e-08
161/200, train = 0.020995, valid = 0.024323, lr=1.221e-08
162/200, train = 0.020920, valid = 0.024448, lr=1.221e-08
163/200, train = 0.021046, valid = 0.024631, lr=1.221e-08
164/200, train = 0.020879, valid = 0.024415, lr=1.221e-08
165/200, train = 0.020963, valid = 0.024599, lr=1.221e-08
166/200, train = 0.021063, valid = 0.024473, lr=1.221e-08
167/200, train = 0.020726, valid = 0.024395, lr=1.221e-08
168/200, train = 0.020887, valid = 0.024434, lr=1.221e-08
169/200, train = 0.020899, valid = 0.024360, lr=1.221e-08
170/200, train = 0.020777, valid = 0.024335, lr=1.221e-08
171/200, train = 0.020970, valid = 0.024499, lr=1.221e-08
172/200, train = 0.020780, valid = 0.024139, lr=1.221e-08
173/200, train = 0.022295, valid = 0.024436, lr=1.221e-08
174/200, train = 0.020997, valid = 0.024420, lr=1.221e-08
175/200, train = 0.020926, valid = 0.024355, lr=1.221e-08
176/200, train = 0.020742, valid = 0.024299, lr=1.221e-08
177/200, train = 0.020941, valid = 0.024312, lr=1.221e-08
178/200, train = 0.021017, valid = 0.024568, lr=1.221e-08
179/200, train = 0.020727, valid = 0.024387, lr=1.221e-08
180/200, train = 0.020992, valid = 0.024300, lr=1.221e-08
181/200, train = 0.020834, valid = 0.024395, lr=1.221e-08
182/200, train = 0.020759, valid = 0.024594, lr=1.221e-08
183/200, train = 0.020726, valid = 0.024891, lr=1.221e-08
184/200, train = 0.021122, valid = 0.024361, lr=1.221e-08
185/200, train = 0.020912, valid = 0.024339, lr=1.221e-08
186/200, train = 0.020854, valid = 0.024753, lr=1.221e-08
187/200, train = 0.020821, valid = 0.024483, lr=1.221e-08
188/200, train = 0.020884, valid = 0.024339, lr=1.221e-08
189/200, train = 0.021519, valid = 0.024413, lr=1.221e-08
190/200, train = 0.021150, valid = 0.024228, lr=1.221e-08
191/200, train = 0.020884, valid = 0.024436, lr=1.221e-08
192/200, train = 0.020892, valid = 0.024467, lr=1.221e-08
193/200, train = 0.020912, valid = 0.024277, lr=1.221e-08
194/200, train = 0.021207, valid = 0.024452, lr=1.221e-08
195/200, train = 0.020846, valid = 0.024518, lr=1.221e-08
196/200, train = 0.020815, valid = 0.024349, lr=1.221e-08
197/200, train = 0.020966, valid = 0.024336, lr=1.221e-08
198/200, train = 0.020989, valid = 0.024382, lr=1.221e-08
199/200, train = 0.021075, valid = 0.024285, lr=1.221e-08
200/200, train = 0.020828, valid = 0.024570, lr=1.221e-08

Pretrain training model 4, newly added blocks
1/50, train = 0.348985, valid = 0.277576, lr=1.000e-04
2/50, train = 0.244091, valid = 0.204999, lr=1.000e-04
3/50, train = 0.182692, valid = 0.163434, lr=1.000e-04
4/50, train = 0.146463, valid = 0.142500, lr=1.000e-04
5/50, train = 0.124062, valid = 0.123794, lr=1.000e-04
6/50, train = 0.107889, valid = 0.106649, lr=1.000e-04
7/50, train = 0.094136, valid = 0.094726, lr=1.000e-04
8/50, train = 0.088867, valid = 0.091657, lr=1.000e-04
9/50, train = 0.081375, valid = 0.083925, lr=1.000e-04
10/50, train = 0.075030, valid = 0.079389, lr=1.000e-04
11/50, train = 0.075287, valid = 0.080218, lr=1.000e-04
12/50, train = 0.070160, valid = 0.074326, lr=1.000e-04
13/50, train = 0.065325, valid = 0.074007, lr=1.000e-04
14/50, train = 0.064534, valid = 0.074625, lr=1.000e-04
15/50, train = 0.062779, valid = 0.071597, lr=1.000e-04
16/50, train = 0.064814, valid = 0.073562, lr=1.000e-04
17/50, train = 0.061225, valid = 0.071394, lr=1.000e-04
18/50, train = 0.058818, valid = 0.068246, lr=1.000e-04
19/50, train = 0.055449, valid = 0.062976, lr=1.000e-04
20/50, train = 0.057073, valid = 0.067536, lr=1.000e-04
21/50, train = 0.052591, valid = 0.064494, lr=1.000e-04
22/50, train = 0.054735, valid = 0.064226, lr=1.000e-04
23/50, train = 0.053113, valid = 0.065940, lr=1.000e-04
24/50, train = 0.054897, valid = 0.069881, lr=1.000e-04
25/50, train = 0.054104, valid = 0.061294, lr=1.000e-04
26/50, train = 0.050321, valid = 0.062459, lr=1.000e-04
27/50, train = 0.048096, valid = 0.057942, lr=1.000e-04
28/50, train = 0.050425, valid = 0.058622, lr=1.000e-04
29/50, train = 0.050726, valid = 0.059050, lr=1.000e-04
30/50, train = 0.049356, valid = 0.062445, lr=1.000e-04
31/50, train = 0.051153, valid = 0.058160, lr=1.000e-04
32/50, train = 0.049663, valid = 0.058914, lr=1.000e-04
33/50, train = 0.048969, valid = 0.058281, lr=5.000e-05
34/50, train = 0.040797, valid = 0.049798, lr=5.000e-05
35/50, train = 0.036159, valid = 0.048747, lr=5.000e-05
36/50, train = 0.035065, valid = 0.047711, lr=5.000e-05
37/50, train = 0.034680, valid = 0.047653, lr=5.000e-05
38/50, train = 0.034018, valid = 0.047617, lr=5.000e-05
39/50, train = 0.033919, valid = 0.048246, lr=5.000e-05
40/50, train = 0.034109, valid = 0.047847, lr=5.000e-05
41/50, train = 0.033954, valid = 0.048518, lr=5.000e-05
42/50, train = 0.034744, valid = 0.047505, lr=5.000e-05
43/50, train = 0.033736, valid = 0.046836, lr=5.000e-05
44/50, train = 0.034315, valid = 0.047377, lr=5.000e-05
45/50, train = 0.033768, valid = 0.049431, lr=5.000e-05
46/50, train = 0.034000, valid = 0.047570, lr=5.000e-05
47/50, train = 0.033841, valid = 0.046209, lr=5.000e-05
48/50, train = 0.033797, valid = 0.047941, lr=5.000e-05
49/50, train = 0.033442, valid = 0.048906, lr=5.000e-05
50/50, train = 0.034492, valid = 0.047623, lr=5.000e-05

Training full model 4
1/200, train = 0.082275, valid = 0.074430, lr=1.000e-04
2/200, train = 0.068773, valid = 0.076064, lr=1.000e-04
3/200, train = 0.067562, valid = 0.073890, lr=1.000e-04
4/200, train = 0.064511, valid = 0.068397, lr=1.000e-04
5/200, train = 0.068847, valid = 0.067890, lr=1.000e-04
6/200, train = 0.066087, valid = 0.088242, lr=1.000e-04
7/200, train = 0.064489, valid = 0.065540, lr=1.000e-04
8/200, train = 0.059888, valid = 0.072565, lr=1.000e-04
9/200, train = 0.069462, valid = 0.075975, lr=1.000e-04
10/200, train = 0.064264, valid = 0.071038, lr=1.000e-04
11/200, train = 0.055623, valid = 0.069716, lr=1.000e-04
12/200, train = 0.057031, valid = 0.068447, lr=1.000e-04
13/200, train = 0.060641, valid = 0.073676, lr=5.000e-05
14/200, train = 0.049688, valid = 0.050989, lr=5.000e-05
15/200, train = 0.041690, valid = 0.052847, lr=5.000e-05
16/200, train = 0.038538, valid = 0.051107, lr=5.000e-05
17/200, train = 0.037181, valid = 0.049800, lr=5.000e-05
18/200, train = 0.038308, valid = 0.056240, lr=5.000e-05
19/200, train = 0.036595, valid = 0.050771, lr=5.000e-05
20/200, train = 0.037641, valid = 0.051122, lr=5.000e-05
21/200, train = 0.039557, valid = 0.052086, lr=5.000e-05
22/200, train = 0.037665, valid = 0.052006, lr=5.000e-05
23/200, train = 0.041059, valid = 0.054386, lr=2.500e-05
24/200, train = 0.032937, valid = 0.045057, lr=2.500e-05
25/200, train = 0.030432, valid = 0.044498, lr=2.500e-05
26/200, train = 0.029364, valid = 0.045608, lr=2.500e-05
27/200, train = 0.029119, valid = 0.044205, lr=2.500e-05
28/200, train = 0.028679, valid = 0.044843, lr=2.500e-05
29/200, train = 0.029078, valid = 0.044670, lr=2.500e-05
30/200, train = 0.029146, valid = 0.044510, lr=2.500e-05
31/200, train = 0.027574, valid = 0.043566, lr=2.500e-05
32/200, train = 0.029792, valid = 0.044778, lr=2.500e-05
33/200, train = 0.029649, valid = 0.043718, lr=2.500e-05
34/200, train = 0.028869, valid = 0.044315, lr=2.500e-05
35/200, train = 0.029532, valid = 0.044081, lr=2.500e-05
36/200, train = 0.028971, valid = 0.044325, lr=2.500e-05
37/200, train = 0.028843, valid = 0.043343, lr=2.500e-05
38/200, train = 0.030948, valid = 0.045107, lr=2.500e-05
39/200, train = 0.028879, valid = 0.043734, lr=2.500e-05
40/200, train = 0.028538, valid = 0.043541, lr=2.500e-05
41/200, train = 0.028358, valid = 0.044268, lr=2.500e-05
42/200, train = 0.028747, valid = 0.042784, lr=2.500e-05
43/200, train = 0.028190, valid = 0.043385, lr=2.500e-05
44/200, train = 0.028698, valid = 0.044220, lr=2.500e-05
45/200, train = 0.028089, valid = 0.044359, lr=2.500e-05
46/200, train = 0.028690, valid = 0.042746, lr=2.500e-05
47/200, train = 0.028361, valid = 0.042255, lr=2.500e-05
48/200, train = 0.028184, valid = 0.045065, lr=2.500e-05
49/200, train = 0.027662, valid = 0.043444, lr=2.500e-05
50/200, train = 0.029682, valid = 0.044831, lr=2.500e-05
51/200, train = 0.029657, valid = 0.043583, lr=2.500e-05
52/200, train = 0.028172, valid = 0.043445, lr=2.500e-05
53/200, train = 0.027819, valid = 0.044177, lr=1.250e-05
54/200, train = 0.026219, valid = 0.040697, lr=1.250e-05
55/200, train = 0.024799, valid = 0.040846, lr=1.250e-05
56/200, train = 0.024771, valid = 0.040753, lr=1.250e-05
57/200, train = 0.024494, valid = 0.041020, lr=1.250e-05
58/200, train = 0.024052, valid = 0.040841, lr=1.250e-05
59/200, train = 0.024103, valid = 0.040752, lr=1.250e-05
60/200, train = 0.024098, valid = 0.040549, lr=1.250e-05
61/200, train = 0.024290, valid = 0.040992, lr=1.250e-05
62/200, train = 0.024220, valid = 0.040459, lr=1.250e-05
63/200, train = 0.024095, valid = 0.040565, lr=1.250e-05
64/200, train = 0.024140, valid = 0.040437, lr=1.250e-05
65/200, train = 0.024191, valid = 0.040498, lr=1.250e-05
66/200, train = 0.024175, valid = 0.040910, lr=1.250e-05
67/200, train = 0.023948, valid = 0.040302, lr=1.250e-05
68/200, train = 0.023619, valid = 0.040384, lr=1.250e-05
69/200, train = 0.024272, valid = 0.041407, lr=1.250e-05
70/200, train = 0.024400, valid = 0.040670, lr=1.250e-05
71/200, train = 0.024009, valid = 0.040177, lr=1.250e-05
72/200, train = 0.023788, valid = 0.040940, lr=1.250e-05
73/200, train = 0.024056, valid = 0.040779, lr=1.250e-05
74/200, train = 0.023885, valid = 0.040402, lr=1.250e-05
75/200, train = 0.024000, valid = 0.041104, lr=1.250e-05
76/200, train = 0.023638, valid = 0.041061, lr=1.250e-05
77/200, train = 0.024045, valid = 0.040360, lr=6.250e-06
78/200, train = 0.023117, valid = 0.039876, lr=6.250e-06
79/200, train = 0.022498, valid = 0.039814, lr=6.250e-06
80/200, train = 0.022708, valid = 0.039846, lr=6.250e-06
81/200, train = 0.022948, valid = 0.039798, lr=6.250e-06
82/200, train = 0.022427, valid = 0.039723, lr=6.250e-06
83/200, train = 0.022547, valid = 0.039859, lr=6.250e-06
84/200, train = 0.023799, valid = 0.039625, lr=6.250e-06
85/200, train = 0.022677, valid = 0.039297, lr=6.250e-06
86/200, train = 0.023092, valid = 0.040782, lr=6.250e-06
87/200, train = 0.022384, valid = 0.039523, lr=6.250e-06
88/200, train = 0.022425, valid = 0.039796, lr=6.250e-06
89/200, train = 0.022247, valid = 0.039315, lr=6.250e-06
90/200, train = 0.022536, valid = 0.039616, lr=6.250e-06
91/200, train = 0.022409, valid = 0.041012, lr=3.125e-06
92/200, train = 0.021917, valid = 0.039278, lr=3.125e-06
93/200, train = 0.021733, valid = 0.038884, lr=3.125e-06
94/200, train = 0.021748, valid = 0.039527, lr=3.125e-06
95/200, train = 0.021741, valid = 0.038958, lr=3.125e-06
96/200, train = 0.021582, valid = 0.039358, lr=3.125e-06
97/200, train = 0.021843, valid = 0.039461, lr=3.125e-06
98/200, train = 0.021996, valid = 0.039098, lr=3.125e-06
99/200, train = 0.022081, valid = 0.039062, lr=1.563e-06
100/200, train = 0.021683, valid = 0.039007, lr=1.563e-06
101/200, train = 0.021796, valid = 0.039263, lr=1.563e-06
102/200, train = 0.021638, valid = 0.038928, lr=1.563e-06
103/200, train = 0.021555, valid = 0.039135, lr=1.563e-06
104/200, train = 0.021548, valid = 0.039170, lr=1.563e-06
105/200, train = 0.021633, valid = 0.039002, lr=7.813e-07
106/200, train = 0.021820, valid = 0.038896, lr=7.813e-07
107/200, train = 0.021622, valid = 0.039476, lr=7.813e-07
108/200, train = 0.021525, valid = 0.038833, lr=7.813e-07
109/200, train = 0.021347, valid = 0.038996, lr=7.813e-07
110/200, train = 0.021241, valid = 0.038763, lr=7.813e-07
111/200, train = 0.021611, valid = 0.038784, lr=7.813e-07
112/200, train = 0.021550, valid = 0.038874, lr=7.813e-07
113/200, train = 0.021523, valid = 0.039166, lr=7.813e-07
114/200, train = 0.021321, valid = 0.038856, lr=7.813e-07
115/200, train = 0.021727, valid = 0.039047, lr=7.813e-07
116/200, train = 0.021168, valid = 0.039075, lr=3.906e-07
117/200, train = 0.021318, valid = 0.038968, lr=3.906e-07
118/200, train = 0.021477, valid = 0.038659, lr=3.906e-07
119/200, train = 0.021459, valid = 0.039409, lr=3.906e-07
120/200, train = 0.021429, valid = 0.038909, lr=3.906e-07
121/200, train = 0.021134, valid = 0.039025, lr=3.906e-07
122/200, train = 0.021342, valid = 0.039243, lr=3.906e-07
123/200, train = 0.021403, valid = 0.039064, lr=3.906e-07
124/200, train = 0.021371, valid = 0.038877, lr=1.953e-07
125/200, train = 0.021276, valid = 0.038680, lr=1.953e-07
126/200, train = 0.021336, valid = 0.039053, lr=1.953e-07
127/200, train = 0.021069, valid = 0.039286, lr=1.953e-07
128/200, train = 0.021207, valid = 0.039127, lr=1.953e-07
129/200, train = 0.021358, valid = 0.038918, lr=1.953e-07
130/200, train = 0.021155, valid = 0.038804, lr=9.766e-08
131/200, train = 0.021343, valid = 0.038714, lr=9.766e-08
132/200, train = 0.021575, valid = 0.039819, lr=9.766e-08
133/200, train = 0.021455, valid = 0.038724, lr=9.766e-08
134/200, train = 0.021330, valid = 0.038919, lr=9.766e-08
135/200, train = 0.021311, valid = 0.038993, lr=9.766e-08
136/200, train = 0.021088, valid = 0.039211, lr=4.883e-08
137/200, train = 0.021260, valid = 0.039233, lr=4.883e-08
138/200, train = 0.021228, valid = 0.038791, lr=4.883e-08
139/200, train = 0.021144, valid = 0.039062, lr=4.883e-08
140/200, train = 0.021080, valid = 0.038854, lr=4.883e-08
141/200, train = 0.021327, valid = 0.038832, lr=4.883e-08
142/200, train = 0.021300, valid = 0.038855, lr=2.441e-08
143/200, train = 0.021385, valid = 0.038778, lr=2.441e-08
144/200, train = 0.021623, valid = 0.038967, lr=2.441e-08
145/200, train = 0.021256, valid = 0.038836, lr=2.441e-08
146/200, train = 0.021190, valid = 0.038871, lr=2.441e-08
147/200, train = 0.022774, valid = 0.040049, lr=2.441e-08
148/200, train = 0.021031, valid = 0.038962, lr=1.221e-08
149/200, train = 0.021519, valid = 0.039120, lr=1.221e-08
150/200, train = 0.021298, valid = 0.038888, lr=1.221e-08
151/200, train = 0.021791, valid = 0.038710, lr=1.221e-08
152/200, train = 0.021500, valid = 0.038850, lr=1.221e-08
153/200, train = 0.021227, valid = 0.038871, lr=1.221e-08
154/200, train = 0.021443, valid = 0.038777, lr=1.221e-08
155/200, train = 0.021545, valid = 0.039029, lr=1.221e-08
156/200, train = 0.021336, valid = 0.038799, lr=1.221e-08
157/200, train = 0.021257, valid = 0.039793, lr=1.221e-08
158/200, train = 0.021293, valid = 0.038966, lr=1.221e-08
159/200, train = 0.021134, valid = 0.038839, lr=1.221e-08
160/200, train = 0.021642, valid = 0.038721, lr=1.221e-08
161/200, train = 0.021161, valid = 0.038803, lr=1.221e-08
162/200, train = 0.021295, valid = 0.038611, lr=1.221e-08
163/200, train = 0.021300, valid = 0.038795, lr=1.221e-08
164/200, train = 0.021337, valid = 0.038695, lr=1.221e-08
165/200, train = 0.022759, valid = 0.039086, lr=1.221e-08
166/200, train = 0.021200, valid = 0.038888, lr=1.221e-08
167/200, train = 0.021041, valid = 0.038989, lr=1.221e-08
168/200, train = 0.021393, valid = 0.038976, lr=1.221e-08
169/200, train = 0.021173, valid = 0.038943, lr=1.221e-08
170/200, train = 0.021205, valid = 0.039139, lr=1.221e-08
171/200, train = 0.021319, valid = 0.038827, lr=1.221e-08
172/200, train = 0.021257, valid = 0.039395, lr=1.221e-08
173/200, train = 0.021458, valid = 0.038938, lr=1.221e-08
174/200, train = 0.021348, valid = 0.038952, lr=1.221e-08
175/200, train = 0.021385, valid = 0.039328, lr=1.221e-08
176/200, train = 0.021414, valid = 0.038935, lr=1.221e-08
177/200, train = 0.021038, valid = 0.038858, lr=1.221e-08
178/200, train = 0.021177, valid = 0.038824, lr=1.221e-08
179/200, train = 0.021180, valid = 0.039110, lr=1.221e-08
180/200, train = 0.021304, valid = 0.038874, lr=1.221e-08
181/200, train = 0.021000, valid = 0.038825, lr=1.221e-08
182/200, train = 0.021924, valid = 0.038900, lr=1.221e-08
183/200, train = 0.021261, valid = 0.038983, lr=1.221e-08
184/200, train = 0.021509, valid = 0.039079, lr=1.221e-08
185/200, train = 0.021252, valid = 0.039119, lr=1.221e-08
186/200, train = 0.021187, valid = 0.038841, lr=1.221e-08
187/200, train = 0.021114, valid = 0.038680, lr=1.221e-08
188/200, train = 0.021396, valid = 0.038785, lr=1.221e-08
189/200, train = 0.021144, valid = 0.039016, lr=1.221e-08
190/200, train = 0.021375, valid = 0.038996, lr=1.221e-08
191/200, train = 0.021300, valid = 0.038833, lr=1.221e-08
192/200, train = 0.021366, valid = 0.038652, lr=1.221e-08
193/200, train = 0.021119, valid = 0.038995, lr=1.221e-08
194/200, train = 0.021230, valid = 0.039360, lr=1.221e-08
195/200, train = 0.021526, valid = 0.039064, lr=1.221e-08
196/200, train = 0.021330, valid = 0.039052, lr=1.221e-08
197/200, train = 0.021525, valid = 0.038853, lr=1.221e-08
198/200, train = 0.021131, valid = 0.039018, lr=1.221e-08
199/200, train = 0.021047, valid = 0.038835, lr=1.221e-08
200/200, train = 0.021309, valid = 0.039048, lr=1.221e-08

Pretrain training model 5, newly added blocks
1/50, train = 0.386414, valid = 0.328488, lr=1.000e-04
2/50, train = 0.323086, valid = 0.311500, lr=1.000e-04
3/50, train = 0.310510, valid = 0.303481, lr=1.000e-04
4/50, train = 0.303007, valid = 0.296956, lr=1.000e-04
5/50, train = 0.294153, valid = 0.290109, lr=1.000e-04
6/50, train = 0.285333, valid = 0.283474, lr=1.000e-04
7/50, train = 0.275824, valid = 0.275334, lr=1.000e-04
8/50, train = 0.264125, valid = 0.267057, lr=1.000e-04
9/50, train = 0.255063, valid = 0.267568, lr=1.000e-04
10/50, train = 0.244395, valid = 0.250954, lr=1.000e-04
11/50, train = 0.226036, valid = 0.237827, lr=1.000e-04
12/50, train = 0.218270, valid = 0.233064, lr=1.000e-04
13/50, train = 0.205404, valid = 0.224157, lr=1.000e-04
14/50, train = 0.198071, valid = 0.220832, lr=1.000e-04
15/50, train = 0.185901, valid = 0.208349, lr=1.000e-04
16/50, train = 0.174985, valid = 0.207518, lr=1.000e-04
17/50, train = 0.165660, valid = 0.196401, lr=1.000e-04
18/50, train = 0.159683, valid = 0.192861, lr=1.000e-04
19/50, train = 0.149680, valid = 0.185365, lr=1.000e-04
20/50, train = 0.144504, valid = 0.179619, lr=1.000e-04
21/50, train = 0.137471, valid = 0.179101, lr=1.000e-04
22/50, train = 0.130612, valid = 0.170710, lr=1.000e-04
23/50, train = 0.126140, valid = 0.171384, lr=1.000e-04
24/50, train = 0.122474, valid = 0.162172, lr=1.000e-04
25/50, train = 0.113930, valid = 0.157859, lr=1.000e-04
26/50, train = 0.110751, valid = 0.160790, lr=1.000e-04
27/50, train = 0.104973, valid = 0.151232, lr=1.000e-04
28/50, train = 0.101991, valid = 0.151637, lr=1.000e-04
29/50, train = 0.099343, valid = 0.146037, lr=1.000e-04
30/50, train = 0.094184, valid = 0.145413, lr=1.000e-04
31/50, train = 0.090948, valid = 0.140733, lr=1.000e-04
32/50, train = 0.089638, valid = 0.140969, lr=1.000e-04
33/50, train = 0.085543, valid = 0.142130, lr=1.000e-04
34/50, train = 0.083004, valid = 0.138681, lr=1.000e-04
35/50, train = 0.080658, valid = 0.139634, lr=1.000e-04
36/50, train = 0.076590, valid = 0.135286, lr=1.000e-04
37/50, train = 0.075958, valid = 0.135202, lr=1.000e-04
38/50, train = 0.075266, valid = 0.133927, lr=1.000e-04
39/50, train = 0.072486, valid = 0.133794, lr=1.000e-04
40/50, train = 0.071858, valid = 0.132059, lr=1.000e-04
41/50, train = 0.068049, valid = 0.129175, lr=1.000e-04
42/50, train = 0.067746, valid = 0.129207, lr=1.000e-04
43/50, train = 0.066656, valid = 0.129305, lr=1.000e-04
44/50, train = 0.065994, valid = 0.129045, lr=1.000e-04
45/50, train = 0.065794, valid = 0.122778, lr=1.000e-04
46/50, train = 0.062957, valid = 0.123658, lr=1.000e-04
47/50, train = 0.060279, valid = 0.124492, lr=1.000e-04
48/50, train = 0.061747, valid = 0.125454, lr=1.000e-04
49/50, train = 0.060488, valid = 0.125203, lr=1.000e-04
50/50, train = 0.059127, valid = 0.122028, lr=1.000e-04

Training full model 5
1/200, train = 0.096921, valid = 0.147878, lr=1.000e-04
2/200, train = 0.101245, valid = 0.152852, lr=1.000e-04
3/200, train = 0.103423, valid = 0.153041, lr=1.000e-04
4/200, train = 0.096821, valid = 0.142185, lr=1.000e-04
5/200, train = 0.094105, valid = 0.140381, lr=1.000e-04
6/200, train = 0.091531, valid = 0.144481, lr=1.000e-04
7/200, train = 0.088726, valid = 0.149605, lr=1.000e-04
8/200, train = 0.084780, valid = 0.141720, lr=1.000e-04
9/200, train = 0.085047, valid = 0.139039, lr=1.000e-04
10/200, train = 0.083623, valid = 0.137813, lr=1.000e-04
11/200, train = 0.089391, valid = 0.148276, lr=1.000e-04
12/200, train = 0.085504, valid = 0.145310, lr=1.000e-04
13/200, train = 0.081911, valid = 0.143708, lr=1.000e-04
14/200, train = 0.078960, valid = 0.129054, lr=1.000e-04
15/200, train = 0.073321, valid = 0.134955, lr=1.000e-04
16/200, train = 0.077000, valid = 0.133396, lr=1.000e-04
17/200, train = 0.073914, valid = 0.133104, lr=1.000e-04
18/200, train = 0.075830, valid = 0.137394, lr=1.000e-04
19/200, train = 0.074564, valid = 0.134199, lr=1.000e-04
20/200, train = 0.070390, valid = 0.132459, lr=5.000e-05
21/200, train = 0.061330, valid = 0.120929, lr=5.000e-05
22/200, train = 0.049933, valid = 0.120577, lr=5.000e-05
23/200, train = 0.047489, valid = 0.119858, lr=5.000e-05
24/200, train = 0.045638, valid = 0.118701, lr=5.000e-05
25/200, train = 0.046572, valid = 0.117832, lr=5.000e-05
26/200, train = 0.043795, valid = 0.117165, lr=5.000e-05
27/200, train = 0.042128, valid = 0.117432, lr=5.000e-05
28/200, train = 0.041730, valid = 0.119809, lr=5.000e-05
29/200, train = 0.043264, valid = 0.119898, lr=5.000e-05
30/200, train = 0.044535, valid = 0.118045, lr=5.000e-05
31/200, train = 0.042516, valid = 0.117824, lr=5.000e-05
32/200, train = 0.041729, valid = 0.117433, lr=2.500e-05
33/200, train = 0.038392, valid = 0.114618, lr=2.500e-05
34/200, train = 0.035317, valid = 0.112121, lr=2.500e-05
35/200, train = 0.033362, valid = 0.113226, lr=2.500e-05
36/200, train = 0.033037, valid = 0.112754, lr=2.500e-05
37/200, train = 0.032331, valid = 0.114370, lr=2.500e-05
38/200, train = 0.031767, valid = 0.114111, lr=2.500e-05
39/200, train = 0.032471, valid = 0.112662, lr=2.500e-05
40/200, train = 0.031445, valid = 0.114242, lr=1.250e-05
41/200, train = 0.030833, valid = 0.113454, lr=1.250e-05
42/200, train = 0.029368, valid = 0.113520, lr=1.250e-05
43/200, train = 0.028487, valid = 0.112116, lr=1.250e-05
44/200, train = 0.028407, valid = 0.111483, lr=1.250e-05
45/200, train = 0.028312, valid = 0.112647, lr=1.250e-05
46/200, train = 0.027905, valid = 0.111140, lr=1.250e-05
47/200, train = 0.027768, valid = 0.114119, lr=1.250e-05
48/200, train = 0.028009, valid = 0.112048, lr=1.250e-05
49/200, train = 0.027754, valid = 0.113376, lr=1.250e-05
50/200, train = 0.027577, valid = 0.113731, lr=1.250e-05
51/200, train = 0.027881, valid = 0.112541, lr=1.250e-05
52/200, train = 0.028485, valid = 0.111922, lr=6.250e-06
53/200, train = 0.026578, valid = 0.112466, lr=6.250e-06
54/200, train = 0.026302, valid = 0.111406, lr=6.250e-06
55/200, train = 0.026191, valid = 0.110196, lr=6.250e-06
56/200, train = 0.026129, valid = 0.110642, lr=6.250e-06
57/200, train = 0.026201, valid = 0.112466, lr=6.250e-06
58/200, train = 0.025623, valid = 0.110805, lr=6.250e-06
59/200, train = 0.025847, valid = 0.110508, lr=6.250e-06
60/200, train = 0.025885, valid = 0.112915, lr=6.250e-06
61/200, train = 0.026773, valid = 0.110385, lr=3.125e-06
62/200, train = 0.025832, valid = 0.111406, lr=3.125e-06
63/200, train = 0.025591, valid = 0.111499, lr=3.125e-06
64/200, train = 0.025561, valid = 0.110008, lr=3.125e-06
65/200, train = 0.025328, valid = 0.110545, lr=3.125e-06
66/200, train = 0.025500, valid = 0.111115, lr=3.125e-06
67/200, train = 0.025561, valid = 0.109915, lr=3.125e-06
68/200, train = 0.025472, valid = 0.110331, lr=3.125e-06
69/200, train = 0.025316, valid = 0.110834, lr=3.125e-06
70/200, train = 0.025228, valid = 0.111430, lr=3.125e-06
71/200, train = 0.025499, valid = 0.111553, lr=3.125e-06
72/200, train = 0.025067, valid = 0.109585, lr=3.125e-06
73/200, train = 0.025093, valid = 0.110028, lr=3.125e-06
74/200, train = 0.024987, valid = 0.110960, lr=3.125e-06
75/200, train = 0.024868, valid = 0.111156, lr=3.125e-06
76/200, train = 0.024832, valid = 0.109888, lr=3.125e-06
77/200, train = 0.024660, valid = 0.110047, lr=3.125e-06
78/200, train = 0.025235, valid = 0.111143, lr=1.563e-06
79/200, train = 0.024581, valid = 0.110109, lr=1.563e-06
80/200, train = 0.024529, valid = 0.111090, lr=1.563e-06
81/200, train = 0.025000, valid = 0.110368, lr=1.563e-06
82/200, train = 0.024945, valid = 0.110533, lr=1.563e-06
83/200, train = 0.024605, valid = 0.111009, lr=1.563e-06
84/200, train = 0.024568, valid = 0.110720, lr=7.813e-07
85/200, train = 0.025025, valid = 0.110607, lr=7.813e-07
86/200, train = 0.024359, valid = 0.111187, lr=7.813e-07
87/200, train = 0.024316, valid = 0.111174, lr=7.813e-07
88/200, train = 0.024820, valid = 0.110472, lr=7.813e-07
89/200, train = 0.024511, valid = 0.110558, lr=7.813e-07
90/200, train = 0.024309, valid = 0.110174, lr=3.906e-07
91/200, train = 0.024504, valid = 0.111403, lr=3.906e-07
92/200, train = 0.024283, valid = 0.109872, lr=3.906e-07
93/200, train = 0.024247, valid = 0.111259, lr=3.906e-07
94/200, train = 0.024233, valid = 0.111018, lr=3.906e-07
95/200, train = 0.024474, valid = 0.110401, lr=3.906e-07
96/200, train = 0.024255, valid = 0.110720, lr=1.953e-07
97/200, train = 0.024271, valid = 0.111602, lr=1.953e-07
98/200, train = 0.024271, valid = 0.110627, lr=1.953e-07
99/200, train = 0.024040, valid = 0.110775, lr=1.953e-07
100/200, train = 0.024226, valid = 0.109884, lr=1.953e-07
101/200, train = 0.024000, valid = 0.110237, lr=1.953e-07
102/200, train = 0.024009, valid = 0.110216, lr=9.766e-08
103/200, train = 0.024115, valid = 0.109729, lr=9.766e-08
104/200, train = 0.024650, valid = 0.110497, lr=9.766e-08
105/200, train = 0.024229, valid = 0.110656, lr=9.766e-08
106/200, train = 0.024214, valid = 0.110888, lr=9.766e-08
107/200, train = 0.024317, valid = 0.111031, lr=9.766e-08
108/200, train = 0.024082, valid = 0.110925, lr=4.883e-08
109/200, train = 0.024447, valid = 0.110682, lr=4.883e-08
110/200, train = 0.024062, valid = 0.111111, lr=4.883e-08
111/200, train = 0.024144, valid = 0.111138, lr=4.883e-08
112/200, train = 0.023999, valid = 0.110886, lr=4.883e-08
113/200, train = 0.024564, valid = 0.110286, lr=4.883e-08
114/200, train = 0.024379, valid = 0.110662, lr=2.441e-08
115/200, train = 0.024218, valid = 0.110373, lr=2.441e-08
116/200, train = 0.023809, valid = 0.110203, lr=2.441e-08
117/200, train = 0.024279, valid = 0.110898, lr=2.441e-08
118/200, train = 0.023963, valid = 0.111131, lr=2.441e-08
119/200, train = 0.024278, valid = 0.111261, lr=2.441e-08
120/200, train = 0.024233, valid = 0.110340, lr=1.221e-08
121/200, train = 0.024161, valid = 0.111258, lr=1.221e-08
122/200, train = 0.024171, valid = 0.110513, lr=1.221e-08
123/200, train = 0.024344, valid = 0.111208, lr=1.221e-08
124/200, train = 0.024213, valid = 0.111165, lr=1.221e-08
125/200, train = 0.024435, valid = 0.112423, lr=1.221e-08
126/200, train = 0.024292, valid = 0.110676, lr=1.221e-08
127/200, train = 0.024419, valid = 0.110271, lr=1.221e-08
128/200, train = 0.024129, valid = 0.110913, lr=1.221e-08
129/200, train = 0.024485, valid = 0.110437, lr=1.221e-08
130/200, train = 0.024352, valid = 0.111297, lr=1.221e-08
131/200, train = 0.024204, valid = 0.110637, lr=1.221e-08
132/200, train = 0.024301, valid = 0.110641, lr=1.221e-08
133/200, train = 0.024028, valid = 0.110664, lr=1.221e-08
134/200, train = 0.024445, valid = 0.109784, lr=1.221e-08
135/200, train = 0.024092, valid = 0.110389, lr=1.221e-08
136/200, train = 0.024074, valid = 0.110631, lr=1.221e-08
137/200, train = 0.024321, valid = 0.111943, lr=1.221e-08
138/200, train = 0.024026, valid = 0.110444, lr=1.221e-08
139/200, train = 0.024024, valid = 0.110876, lr=1.221e-08
140/200, train = 0.024069, valid = 0.111341, lr=1.221e-08
141/200, train = 0.024070, valid = 0.110420, lr=1.221e-08
142/200, train = 0.024517, valid = 0.111265, lr=1.221e-08
143/200, train = 0.024262, valid = 0.110922, lr=1.221e-08
144/200, train = 0.024314, valid = 0.110598, lr=1.221e-08
145/200, train = 0.024375, valid = 0.110250, lr=1.221e-08
146/200, train = 0.024353, valid = 0.110127, lr=1.221e-08
147/200, train = 0.024485, valid = 0.110641, lr=1.221e-08
148/200, train = 0.024206, valid = 0.110968, lr=1.221e-08
149/200, train = 0.024125, valid = 0.110817, lr=1.221e-08
150/200, train = 0.024298, valid = 0.109961, lr=1.221e-08
151/200, train = 0.023990, valid = 0.110644, lr=1.221e-08
152/200, train = 0.024413, valid = 0.110329, lr=1.221e-08
153/200, train = 0.024058, valid = 0.110070, lr=1.221e-08
154/200, train = 0.023989, valid = 0.110033, lr=1.221e-08
155/200, train = 0.024114, valid = 0.111100, lr=1.221e-08
156/200, train = 0.023829, valid = 0.111430, lr=1.221e-08
157/200, train = 0.024296, valid = 0.110237, lr=1.221e-08
158/200, train = 0.024178, valid = 0.110776, lr=1.221e-08
159/200, train = 0.024209, valid = 0.110209, lr=1.221e-08
160/200, train = 0.023919, valid = 0.110261, lr=1.221e-08
161/200, train = 0.024140, valid = 0.111097, lr=1.221e-08
162/200, train = 0.024264, valid = 0.110048, lr=1.221e-08
163/200, train = 0.024504, valid = 0.109884, lr=1.221e-08
164/200, train = 0.023930, valid = 0.110710, lr=1.221e-08
165/200, train = 0.024403, valid = 0.110444, lr=1.221e-08
166/200, train = 0.025002, valid = 0.110190, lr=1.221e-08
167/200, train = 0.024715, valid = 0.110758, lr=1.221e-08
168/200, train = 0.024643, valid = 0.110824, lr=1.221e-08
169/200, train = 0.024306, valid = 0.110397, lr=1.221e-08
170/200, train = 0.024032, valid = 0.110301, lr=1.221e-08
171/200, train = 0.024461, valid = 0.110296, lr=1.221e-08
172/200, train = 0.023981, valid = 0.110272, lr=1.221e-08
173/200, train = 0.024047, valid = 0.110566, lr=1.221e-08
174/200, train = 0.024624, valid = 0.111943, lr=1.221e-08
175/200, train = 0.023933, valid = 0.110551, lr=1.221e-08
176/200, train = 0.025525, valid = 0.111954, lr=1.221e-08
177/200, train = 0.024784, valid = 0.110414, lr=1.221e-08
178/200, train = 0.024247, valid = 0.110292, lr=1.221e-08
179/200, train = 0.024553, valid = 0.111496, lr=1.221e-08
180/200, train = 0.025091, valid = 0.110602, lr=1.221e-08
181/200, train = 0.024015, valid = 0.110846, lr=1.221e-08
182/200, train = 0.024087, valid = 0.110311, lr=1.221e-08
183/200, train = 0.023997, valid = 0.109885, lr=1.221e-08
184/200, train = 0.024160, valid = 0.110963, lr=1.221e-08
185/200, train = 0.024089, valid = 0.110027, lr=1.221e-08
186/200, train = 0.024313, valid = 0.110272, lr=1.221e-08
187/200, train = 0.024173, valid = 0.110924, lr=1.221e-08
188/200, train = 0.023994, valid = 0.111218, lr=1.221e-08
189/200, train = 0.023978, valid = 0.110576, lr=1.221e-08
190/200, train = 0.023944, valid = 0.110732, lr=1.221e-08
191/200, train = 0.024155, valid = 0.110383, lr=1.221e-08
192/200, train = 0.024231, valid = 0.110540, lr=1.221e-08
193/200, train = 0.024399, valid = 0.110328, lr=1.221e-08
194/200, train = 0.024269, valid = 0.110532, lr=1.221e-08
195/200, train = 0.024580, valid = 0.110843, lr=1.221e-08
196/200, train = 0.024056, valid = 0.110214, lr=1.221e-08
197/200, train = 0.024319, valid = 0.110559, lr=1.221e-08
198/200, train = 0.024509, valid = 0.111103, lr=1.221e-08
199/200, train = 0.024467, valid = 0.110757, lr=1.221e-08
200/200, train = 0.024269, valid = 0.110565, lr=1.221e-08

Pretrain training model 6, newly added blocks
1/50, train = 0.376851, valid = 0.317992, lr=1.000e-04
2/50, train = 0.314281, valid = 0.302541, lr=1.000e-04
3/50, train = 0.305915, valid = 0.298878, lr=1.000e-04
4/50, train = 0.302314, valid = 0.296844, lr=1.000e-04
5/50, train = 0.300763, valid = 0.294760, lr=1.000e-04
6/50, train = 0.299323, valid = 0.293776, lr=1.000e-04
7/50, train = 0.298630, valid = 0.293386, lr=1.000e-04
8/50, train = 0.297265, valid = 0.292468, lr=1.000e-04
9/50, train = 0.296899, valid = 0.292447, lr=1.000e-04
10/50, train = 0.296773, valid = 0.291467, lr=1.000e-04
11/50, train = 0.295991, valid = 0.291470, lr=1.000e-04
12/50, train = 0.295498, valid = 0.291024, lr=1.000e-04
13/50, train = 0.296055, valid = 0.290385, lr=1.000e-04
14/50, train = 0.294876, valid = 0.290877, lr=1.000e-04
15/50, train = 0.294502, valid = 0.289696, lr=1.000e-04
16/50, train = 0.294066, valid = 0.289925, lr=1.000e-04
17/50, train = 0.294027, valid = 0.289750, lr=1.000e-04
18/50, train = 0.293592, valid = 0.289049, lr=1.000e-04
19/50, train = 0.292948, valid = 0.288863, lr=1.000e-04
20/50, train = 0.292754, valid = 0.288959, lr=1.000e-04
21/50, train = 0.292737, valid = 0.288626, lr=1.000e-04
22/50, train = 0.292586, valid = 0.289389, lr=1.000e-04
23/50, train = 0.292656, valid = 0.288608, lr=1.000e-04
24/50, train = 0.292316, valid = 0.288220, lr=1.000e-04
25/50, train = 0.291472, valid = 0.288596, lr=1.000e-04
26/50, train = 0.292191, valid = 0.288338, lr=1.000e-04
27/50, train = 0.291809, valid = 0.287954, lr=1.000e-04
28/50, train = 0.291913, valid = 0.288287, lr=1.000e-04
29/50, train = 0.291711, valid = 0.287534, lr=1.000e-04
30/50, train = 0.292229, valid = 0.288135, lr=1.000e-04
31/50, train = 0.291742, valid = 0.287876, lr=1.000e-04
32/50, train = 0.291676, valid = 0.287784, lr=1.000e-04
33/50, train = 0.291408, valid = 0.287632, lr=1.000e-04
34/50, train = 0.291282, valid = 0.287527, lr=1.000e-04
35/50, train = 0.291297, valid = 0.287679, lr=5.000e-05
36/50, train = 0.290895, valid = 0.288237, lr=5.000e-05
37/50, train = 0.290736, valid = 0.287314, lr=5.000e-05
38/50, train = 0.290951, valid = 0.287187, lr=5.000e-05
39/50, train = 0.290578, valid = 0.287117, lr=5.000e-05
40/50, train = 0.290505, valid = 0.286789, lr=5.000e-05
41/50, train = 0.291652, valid = 0.287434, lr=5.000e-05
42/50, train = 0.290892, valid = 0.286944, lr=5.000e-05
43/50, train = 0.290795, valid = 0.286695, lr=5.000e-05
44/50, train = 0.290591, valid = 0.286577, lr=5.000e-05
45/50, train = 0.290393, valid = 0.287026, lr=5.000e-05
46/50, train = 0.291940, valid = 0.287605, lr=5.000e-05
47/50, train = 0.291074, valid = 0.287446, lr=5.000e-05
48/50, train = 0.291145, valid = 0.287136, lr=5.000e-05
49/50, train = 0.291132, valid = 0.287412, lr=5.000e-05
50/50, train = 0.290919, valid = 0.287088, lr=2.500e-05

Training full model 6
1/200, train = 0.288205, valid = 0.284458, lr=1.000e-04
2/200, train = 0.286185, valid = 0.281689, lr=1.000e-04
3/200, train = 0.286101, valid = 0.281343, lr=1.000e-04
4/200, train = 0.286025, valid = 0.281671, lr=1.000e-04
5/200, train = 0.286081, valid = 0.281601, lr=1.000e-04
6/200, train = 0.286057, valid = 0.281357, lr=1.000e-04
7/200, train = 0.286029, valid = 0.281347, lr=1.000e-04
8/200, train = 0.285941, valid = 0.281328, lr=1.000e-04
9/200, train = 0.286009, valid = 0.281369, lr=5.000e-05
10/200, train = 0.285891, valid = 0.281228, lr=5.000e-05
11/200, train = 0.285847, valid = 0.281214, lr=5.000e-05
12/200, train = 0.285857, valid = 0.281219, lr=5.000e-05
13/200, train = 0.285891, valid = 0.281280, lr=5.000e-05
14/200, train = 0.285887, valid = 0.281220, lr=5.000e-05
15/200, train = 0.285875, valid = 0.281271, lr=5.000e-05
16/200, train = 0.285880, valid = 0.281279, lr=2.500e-05
17/200, train = 0.285815, valid = 0.281161, lr=2.500e-05
18/200, train = 0.285812, valid = 0.281179, lr=2.500e-05
19/200, train = 0.285848, valid = 0.281249, lr=2.500e-05
20/200, train = 0.285869, valid = 0.281325, lr=2.500e-05
21/200, train = 0.285832, valid = 0.281264, lr=2.500e-05
22/200, train = 0.285864, valid = 0.281379, lr=2.500e-05
23/200, train = 0.285886, valid = 0.281298, lr=1.250e-05
24/200, train = 0.285800, valid = 0.281178, lr=1.250e-05
25/200, train = 0.285797, valid = 0.281158, lr=1.250e-05
26/200, train = 0.285776, valid = 0.281207, lr=1.250e-05
27/200, train = 0.285792, valid = 0.281242, lr=1.250e-05
28/200, train = 0.285790, valid = 0.281171, lr=1.250e-05
29/200, train = 0.285800, valid = 0.281235, lr=6.250e-06
30/200, train = 0.285797, valid = 0.281149, lr=6.250e-06
31/200, train = 0.285765, valid = 0.281152, lr=6.250e-06
32/200, train = 0.285757, valid = 0.281145, lr=6.250e-06
33/200, train = 0.285760, valid = 0.281161, lr=6.250e-06
34/200, train = 0.285765, valid = 0.281148, lr=6.250e-06
35/200, train = 0.285760, valid = 0.281183, lr=3.125e-06
36/200, train = 0.285761, valid = 0.281144, lr=3.125e-06
37/200, train = 0.285746, valid = 0.281138, lr=3.125e-06
38/200, train = 0.285744, valid = 0.281145, lr=3.125e-06
39/200, train = 0.285744, valid = 0.281138, lr=3.125e-06
40/200, train = 0.285742, valid = 0.281134, lr=3.125e-06
41/200, train = 0.285745, valid = 0.281136, lr=1.563e-06
42/200, train = 0.285739, valid = 0.281133, lr=1.563e-06
43/200, train = 0.285738, valid = 0.281133, lr=1.563e-06
44/200, train = 0.285739, valid = 0.281131, lr=1.563e-06
45/200, train = 0.285736, valid = 0.281131, lr=1.563e-06
46/200, train = 0.285735, valid = 0.281137, lr=1.563e-06
47/200, train = 0.285737, valid = 0.281132, lr=1.563e-06
48/200, train = 0.285740, valid = 0.281141, lr=1.563e-06
49/200, train = 0.285739, valid = 0.281134, lr=7.813e-07
50/200, train = 0.285732, valid = 0.281127, lr=7.813e-07
51/200, train = 0.285734, valid = 0.281127, lr=7.813e-07
52/200, train = 0.285732, valid = 0.281131, lr=7.813e-07
53/200, train = 0.285734, valid = 0.281133, lr=7.813e-07
54/200, train = 0.285735, valid = 0.281127, lr=7.813e-07
55/200, train = 0.285732, valid = 0.281127, lr=3.906e-07
56/200, train = 0.285730, valid = 0.281125, lr=3.906e-07
57/200, train = 0.285730, valid = 0.281127, lr=3.906e-07
58/200, train = 0.285731, valid = 0.281125, lr=3.906e-07
59/200, train = 0.285729, valid = 0.281124, lr=3.906e-07
60/200, train = 0.285731, valid = 0.281127, lr=3.906e-07
61/200, train = 0.285731, valid = 0.281126, lr=1.953e-07
62/200, train = 0.285731, valid = 0.281124, lr=1.953e-07
63/200, train = 0.285729, valid = 0.281125, lr=1.953e-07
64/200, train = 0.285729, valid = 0.281127, lr=1.953e-07
65/200, train = 0.285730, valid = 0.281125, lr=1.953e-07
66/200, train = 0.285729, valid = 0.281125, lr=1.953e-07
67/200, train = 0.285729, valid = 0.281124, lr=9.766e-08
68/200, train = 0.285728, valid = 0.281124, lr=9.766e-08
69/200, train = 0.285729, valid = 0.281125, lr=9.766e-08
70/200, train = 0.285728, valid = 0.281124, lr=9.766e-08
71/200, train = 0.285728, valid = 0.281124, lr=9.766e-08
72/200, train = 0.285728, valid = 0.281124, lr=9.766e-08
73/200, train = 0.285728, valid = 0.281125, lr=4.883e-08
74/200, train = 0.285729, valid = 0.281123, lr=4.883e-08
75/200, train = 0.285729, valid = 0.281123, lr=4.883e-08
76/200, train = 0.285728, valid = 0.281124, lr=4.883e-08
77/200, train = 0.285728, valid = 0.281124, lr=4.883e-08
78/200, train = 0.285728, valid = 0.281123, lr=4.883e-08
79/200, train = 0.285728, valid = 0.281124, lr=2.441e-08
80/200, train = 0.285728, valid = 0.281124, lr=2.441e-08
81/200, train = 0.285728, valid = 0.281124, lr=2.441e-08
82/200, train = 0.285728, valid = 0.281124, lr=2.441e-08
83/200, train = 0.285728, valid = 0.281123, lr=2.441e-08
84/200, train = 0.285728, valid = 0.281124, lr=2.441e-08
85/200, train = 0.285728, valid = 0.281123, lr=1.221e-08
86/200, train = 0.285727, valid = 0.281123, lr=1.221e-08
87/200, train = 0.285728, valid = 0.281124, lr=1.221e-08
88/200, train = 0.285728, valid = 0.281124, lr=1.221e-08
89/200, train = 0.285728, valid = 0.281123, lr=1.221e-08
90/200, train = 0.285728, valid = 0.281123, lr=1.221e-08
91/200, train = 0.285728, valid = 0.281123, lr=1.221e-08
92/200, train = 0.285728, valid = 0.281123, lr=1.221e-08
93/200, train = 0.285728, valid = 0.281123, lr=1.221e-08
94/200, train = 0.285728, valid = 0.281124, lr=1.221e-08
95/200, train = 0.285728, valid = 0.281123, lr=1.221e-08
96/200, train = 0.285728, valid = 0.281123, lr=1.221e-08
97/200, train = 0.285728, valid = 0.281123, lr=1.221e-08
98/200, train = 0.285728, valid = 0.281124, lr=1.221e-08
99/200, train = 0.285728, valid = 0.281124, lr=1.221e-08
100/200, train = 0.285728, valid = 0.281124, lr=1.221e-08
101/200, train = 0.285728, valid = 0.281123, lr=1.221e-08
102/200, train = 0.285728, valid = 0.281124, lr=1.221e-08
103/200, train = 0.285728, valid = 0.281123, lr=1.221e-08
104/200, train = 0.285728, valid = 0.281123, lr=1.221e-08
105/200, train = 0.285728, valid = 0.281123, lr=1.221e-08
106/200, train = 0.285728, valid = 0.281125, lr=1.221e-08
107/200, train = 0.285728, valid = 0.281123, lr=1.221e-08
108/200, train = 0.285728, valid = 0.281124, lr=1.221e-08
109/200, train = 0.285728, valid = 0.281123, lr=1.221e-08
110/200, train = 0.285728, valid = 0.281124, lr=1.221e-08
111/200, train = 0.285727, valid = 0.281123, lr=1.221e-08
112/200, train = 0.285728, valid = 0.281123, lr=1.221e-08
113/200, train = 0.285728, valid = 0.281123, lr=1.221e-08
114/200, train = 0.285728, valid = 0.281123, lr=1.221e-08
115/200, train = 0.285729, valid = 0.281124, lr=1.221e-08
116/200, train = 0.285728, valid = 0.281123, lr=1.221e-08
117/200, train = 0.285729, valid = 0.281123, lr=1.221e-08
118/200, train = 0.285728, valid = 0.281123, lr=1.221e-08
119/200, train = 0.285728, valid = 0.281123, lr=1.221e-08
120/200, train = 0.285728, valid = 0.281123, lr=1.221e-08
121/200, train = 0.285728, valid = 0.281123, lr=1.221e-08
122/200, train = 0.285728, valid = 0.281123, lr=1.221e-08
123/200, train = 0.285728, valid = 0.281124, lr=1.221e-08
124/200, train = 0.285728, valid = 0.281123, lr=1.221e-08
125/200, train = 0.285728, valid = 0.281124, lr=1.221e-08
126/200, train = 0.285728, valid = 0.281124, lr=1.221e-08
127/200, train = 0.285728, valid = 0.281124, lr=1.221e-08
128/200, train = 0.285728, valid = 0.281124, lr=1.221e-08
129/200, train = 0.285728, valid = 0.281123, lr=1.221e-08
130/200, train = 0.285727, valid = 0.281123, lr=1.221e-08
131/200, train = 0.285728, valid = 0.281123, lr=1.221e-08
132/200, train = 0.285728, valid = 0.281123, lr=1.221e-08
133/200, train = 0.285728, valid = 0.281123, lr=1.221e-08
134/200, train = 0.285728, valid = 0.281123, lr=1.221e-08
135/200, train = 0.285728, valid = 0.281123, lr=1.221e-08
136/200, train = 0.285728, valid = 0.281124, lr=1.221e-08
137/200, train = 0.285728, valid = 0.281123, lr=1.221e-08
138/200, train = 0.285728, valid = 0.281123, lr=1.221e-08
139/200, train = 0.285728, valid = 0.281124, lr=1.221e-08
140/200, train = 0.285728, valid = 0.281123, lr=1.221e-08
141/200, train = 0.285728, valid = 0.281123, lr=1.221e-08
142/200, train = 0.285728, valid = 0.281124, lr=1.221e-08
143/200, train = 0.285728, valid = 0.281124, lr=1.221e-08
144/200, train = 0.285728, valid = 0.281123, lr=1.221e-08
145/200, train = 0.285728, valid = 0.281123, lr=1.221e-08
146/200, train = 0.285728, valid = 0.281124, lr=1.221e-08
147/200, train = 0.285728, valid = 0.281123, lr=1.221e-08
148/200, train = 0.285728, valid = 0.281123, lr=1.221e-08
149/200, train = 0.285728, valid = 0.281123, lr=1.221e-08
150/200, train = 0.285728, valid = 0.281123, lr=1.221e-08
151/200, train = 0.285727, valid = 0.281123, lr=1.221e-08
152/200, train = 0.285728, valid = 0.281123, lr=1.221e-08
153/200, train = 0.285728, valid = 0.281124, lr=1.221e-08
154/200, train = 0.285728, valid = 0.281125, lr=1.221e-08
155/200, train = 0.285728, valid = 0.281123, lr=1.221e-08
156/200, train = 0.285728, valid = 0.281124, lr=1.221e-08
157/200, train = 0.285728, valid = 0.281123, lr=1.221e-08
158/200, train = 0.285728, valid = 0.281124, lr=1.221e-08
159/200, train = 0.285728, valid = 0.281123, lr=1.221e-08
160/200, train = 0.285728, valid = 0.281124, lr=1.221e-08
161/200, train = 0.285728, valid = 0.281124, lr=1.221e-08
162/200, train = 0.285728, valid = 0.281123, lr=1.221e-08
163/200, train = 0.285728, valid = 0.281124, lr=1.221e-08
164/200, train = 0.285728, valid = 0.281124, lr=1.221e-08
165/200, train = 0.285728, valid = 0.281124, lr=1.221e-08
166/200, train = 0.285728, valid = 0.281124, lr=1.221e-08
167/200, train = 0.285728, valid = 0.281123, lr=1.221e-08
168/200, train = 0.285728, valid = 0.281123, lr=1.221e-08
169/200, train = 0.285728, valid = 0.281124, lr=1.221e-08
170/200, train = 0.285728, valid = 0.281124, lr=1.221e-08
171/200, train = 0.285728, valid = 0.281124, lr=1.221e-08
172/200, train = 0.285728, valid = 0.281124, lr=1.221e-08
173/200, train = 0.285728, valid = 0.281123, lr=1.221e-08
174/200, train = 0.285728, valid = 0.281123, lr=1.221e-08
175/200, train = 0.285728, valid = 0.281124, lr=1.221e-08
176/200, train = 0.285728, valid = 0.281124, lr=1.221e-08
177/200, train = 0.285728, valid = 0.281123, lr=1.221e-08
178/200, train = 0.285728, valid = 0.281123, lr=1.221e-08
179/200, train = 0.285728, valid = 0.281123, lr=1.221e-08
180/200, train = 0.285728, valid = 0.281123, lr=1.221e-08
181/200, train = 0.285728, valid = 0.281123, lr=1.221e-08
182/200, train = 0.285727, valid = 0.281123, lr=1.221e-08
183/200, train = 0.285728, valid = 0.281124, lr=1.221e-08
184/200, train = 0.285728, valid = 0.281123, lr=1.221e-08
185/200, train = 0.285727, valid = 0.281123, lr=1.221e-08
186/200, train = 0.285728, valid = 0.281123, lr=1.221e-08
187/200, train = 0.285728, valid = 0.281123, lr=1.221e-08
188/200, train = 0.285728, valid = 0.281124, lr=1.221e-08
189/200, train = 0.285728, valid = 0.281123, lr=1.221e-08
190/200, train = 0.285728, valid = 0.281123, lr=1.221e-08
191/200, train = 0.285728, valid = 0.281124, lr=1.221e-08
192/200, train = 0.285728, valid = 0.281124, lr=1.221e-08
193/200, train = 0.285727, valid = 0.281123, lr=1.221e-08
194/200, train = 0.285728, valid = 0.281123, lr=1.221e-08
195/200, train = 0.285728, valid = 0.281123, lr=1.221e-08
196/200, train = 0.285728, valid = 0.281123, lr=1.221e-08
197/200, train = 0.285728, valid = 0.281123, lr=1.221e-08
198/200, train = 0.285728, valid = 0.281123, lr=1.221e-08
199/200, train = 0.285728, valid = 0.281123, lr=1.221e-08
200/200, train = 0.285728, valid = 0.281123, lr=1.221e-08
